[0.012s] Invoking command in '/workspaces/gh_mk2/build/china_lidar_driver': CMAKE_PREFIX_PATH=${CMAKE_PREFIX_PATH}:/opt/ros/humble /usr/bin/cmake --build /workspaces/gh_mk2/build/china_lidar_driver -- -j12 -l12
[0.034s] -- Found ament_cmake: 1.3.5 (/opt/ros/humble/share/ament_cmake/cmake)
[0.141s] -- Found rclcpp: 16.0.5 (/opt/ros/humble/share/rclcpp/cmake)
[0.163s] -- Found rosidl_generator_c: 3.1.5 (/opt/ros/humble/share/rosidl_generator_c/cmake)
[0.165s] -- Found rosidl_adapter: 3.1.5 (/opt/ros/humble/share/rosidl_adapter/cmake)
[0.171s] -- Found rosidl_generator_cpp: 3.1.5 (/opt/ros/humble/share/rosidl_generator_cpp/cmake)
[0.180s] -- Using all available rosidl_typesupport_c: rosidl_typesupport_fastrtps_c;rosidl_typesupport_introspection_c
[0.192s] -- Using all available rosidl_typesupport_cpp: rosidl_typesupport_fastrtps_cpp;rosidl_typesupport_introspection_cpp
[0.241s] -- Found rmw_implementation_cmake: 6.1.1 (/opt/ros/humble/share/rmw_implementation_cmake/cmake)
[0.242s] -- Found rmw_cyclonedds_cpp: 1.3.4 (/opt/ros/humble/share/rmw_cyclonedds_cpp/cmake)
[0.265s] -- Using RMW implementation 'rmw_cyclonedds_cpp' as default
[0.397s] -- Found sensor_msgs: 4.2.3 (/opt/ros/humble/share/sensor_msgs/cmake)
[0.557s] -- Configuring done
[0.564s] -- Generating done
[0.565s] -- Build files have been written to: /workspaces/gh_mk2/build/china_lidar_driver
[0.583s] [35m[1mConsolidate compiler generated dependencies of target data_reader[0m
[0.598s] [100%] Built target data_reader
[0.608s] Invoked command in '/workspaces/gh_mk2/build/china_lidar_driver' returned '0': CMAKE_PREFIX_PATH=${CMAKE_PREFIX_PATH}:/opt/ros/humble /usr/bin/cmake --build /workspaces/gh_mk2/build/china_lidar_driver -- -j12 -l12
[0.637s] Invoking command in '/workspaces/gh_mk2/build/china_lidar_driver': CMAKE_PREFIX_PATH=${CMAKE_PREFIX_PATH}:/opt/ros/humble /usr/bin/cmake --install /workspaces/gh_mk2/build/china_lidar_driver
[0.645s] -- Install configuration: "Debug"
[0.645s] -- Up-to-date: /workspaces/gh_mk2/install/china_lidar_driver/lib/china_lidar_driver/data_reader
[0.645s] -- Up-to-date: /workspaces/gh_mk2/install/china_lidar_driver/share/china_lidar_driver//launch
[0.645s] -- Up-to-date: /workspaces/gh_mk2/install/china_lidar_driver/share/china_lidar_driver//launch/lidar_scan.launch.py
[0.645s] -- Up-to-date: /workspaces/gh_mk2/install/china_lidar_driver/share/china_lidar_driver//launch/lidar_view.launch.py
[0.645s] -- Up-to-date: /workspaces/gh_mk2/install/china_lidar_driver/share/ament_index/resource_index/package_run_dependencies/china_lidar_driver
[0.645s] -- Installing: /workspaces/gh_mk2/install/china_lidar_driver/share/ament_index/resource_index/parent_prefix_path/china_lidar_driver
[0.646s] -- Up-to-date: /workspaces/gh_mk2/install/china_lidar_driver/share/china_lidar_driver/environment/ament_prefix_path.sh
[0.646s] -- Installing: /workspaces/gh_mk2/install/china_lidar_driver/share/china_lidar_driver/environment/ament_prefix_path.dsv
[0.646s] -- Up-to-date: /workspaces/gh_mk2/install/china_lidar_driver/share/china_lidar_driver/environment/path.sh
[0.646s] -- Installing: /workspaces/gh_mk2/install/china_lidar_driver/share/china_lidar_driver/environment/path.dsv
[0.646s] -- Up-to-date: /workspaces/gh_mk2/install/china_lidar_driver/share/china_lidar_driver/local_setup.bash
[0.646s] -- Up-to-date: /workspaces/gh_mk2/install/china_lidar_driver/share/china_lidar_driver/local_setup.sh
[0.646s] -- Up-to-date: /workspaces/gh_mk2/install/china_lidar_driver/share/china_lidar_driver/local_setup.zsh
[0.646s] -- Installing: /workspaces/gh_mk2/install/china_lidar_driver/share/china_lidar_driver/local_setup.dsv
[0.646s] -- Installing: /workspaces/gh_mk2/install/china_lidar_driver/share/china_lidar_driver/package.dsv
[0.647s] -- Up-to-date: /workspaces/gh_mk2/install/china_lidar_driver/share/ament_index/resource_index/packages/china_lidar_driver
[0.647s] -- Up-to-date: /workspaces/gh_mk2/install/china_lidar_driver/share/china_lidar_driver/cmake/china_lidar_driverConfig.cmake
[0.647s] -- Up-to-date: /workspaces/gh_mk2/install/china_lidar_driver/share/china_lidar_driver/cmake/china_lidar_driverConfig-version.cmake
[0.647s] -- Up-to-date: /workspaces/gh_mk2/install/china_lidar_driver/share/china_lidar_driver/package.xml
[0.652s] Invoked command in '/workspaces/gh_mk2/build/china_lidar_driver' returned '0': CMAKE_PREFIX_PATH=${CMAKE_PREFIX_PATH}:/opt/ros/humble /usr/bin/cmake --install /workspaces/gh_mk2/build/china_lidar_driver
