[0.327s] DEBUG:colcon:Command line arguments: ['/usr/bin/colcon', 'build', '--cmake-args', '-DCMAKE_BUILD_TYPE=Debug']
[0.327s] DEBUG:colcon:Parsed command line arguments: Namespace(log_base=None, log_level=None, verb_name='build', build_base='build', install_base='install', merge_install=False, symlink_install=False, test_result_base=None, continue_on_error=False, executor='parallel', parallel_workers=12, event_handlers=None, ignore_user_meta=False, metas=['./colcon.meta'], base_paths=['.'], packages_ignore=None, packages_ignore_regex=None, paths=None, packages_up_to=None, packages_up_to_regex=None, packages_above=None, packages_above_and_dependencies=None, packages_above_depth=None, packages_select_by_dep=None, packages_skip_by_dep=None, packages_skip_up_to=None, packages_select_build_failed=False, packages_skip_build_finished=False, packages_select_test_failures=False, packages_skip_test_passed=False, packages_select=None, packages_skip=None, packages_select_regex=None, packages_skip_regex=None, packages_start=None, packages_end=None, cmake_args=['-DCMAKE_BUILD_TYPE=Debug'], cmake_target=None, cmake_target_skip_unavailable=False, cmake_clean_cache=False, cmake_clean_first=False, cmake_force_configure=False, ament_cmake_args=None, catkin_cmake_args=None, catkin_skip_building_tests=False, mixin_files=None, mixin=None, verb_parser=<colcon_mixin.mixin.mixin_argument.MixinArgumentDecorator object at 0x7fcaec365600>, verb_extension=<colcon_core.verb.build.BuildVerb object at 0x7fcaecb455d0>, main=<bound method BuildVerb.main of <colcon_core.verb.build.BuildVerb object at 0x7fcaecb455d0>>, mixin_verb=('build',))
[0.363s] Level 1:colcon.colcon_core.package_discovery:discover_packages(colcon_meta) check parameters
[0.364s] INFO:colcon.colcon_metadata.package_discovery.colcon_meta:Using configuration from '/root/.colcon/metadata/default/Gazebo.meta'
[0.364s] INFO:colcon.colcon_metadata.package_discovery.colcon_meta:Using configuration from '/root/.colcon/metadata/default/fastrtps.meta'
[0.365s] Level 1:colcon.colcon_core.package_discovery:discover_packages(recursive) check parameters
[0.365s] Level 1:colcon.colcon_core.package_discovery:discover_packages(ignore) check parameters
[0.365s] Level 1:colcon.colcon_core.package_discovery:discover_packages(path) check parameters
[0.365s] Level 1:colcon.colcon_core.package_discovery:discover_packages(colcon_meta) discover
[0.365s] Level 1:colcon.colcon_core.package_discovery:discover_packages(recursive) discover
[0.365s] INFO:colcon.colcon_core.package_discovery:Crawling recursively for packages in '/workspaces/gh_mk2'
[0.365s] Level 1:colcon.colcon_core.package_identification:_identify(.) by extensions ['ignore', 'ignore_ament_install']
[0.365s] Level 1:colcon.colcon_core.package_identification:_identify(.) by extension 'ignore'
[0.365s] Level 1:colcon.colcon_core.package_identification:_identify(.) by extension 'ignore_ament_install'
[0.365s] Level 1:colcon.colcon_core.package_identification:_identify(.) by extensions ['colcon_pkg']
[0.365s] Level 1:colcon.colcon_core.package_identification:_identify(.) by extension 'colcon_pkg'
[0.365s] Level 1:colcon.colcon_core.package_identification:_identify(.) by extensions ['colcon_meta']
[0.365s] Level 1:colcon.colcon_core.package_identification:_identify(.) by extension 'colcon_meta'
[0.365s] Level 1:colcon.colcon_core.package_identification:_identify(.) by extensions ['ros']
[0.365s] Level 1:colcon.colcon_core.package_identification:_identify(.) by extension 'ros'
[0.374s] Level 1:colcon.colcon_core.package_identification:_identify(.) by extensions ['cmake', 'python']
[0.374s] Level 1:colcon.colcon_core.package_identification:_identify(.) by extension 'cmake'
[0.374s] Level 1:colcon.colcon_core.package_identification:_identify(.) by extension 'python'
[0.374s] Level 1:colcon.colcon_core.package_identification:_identify(.) by extensions ['python_setup_py']
[0.375s] Level 1:colcon.colcon_core.package_identification:_identify(.) by extension 'python_setup_py'
[0.375s] Level 1:colcon.colcon_core.package_identification:_identify(build) by extensions ['ignore', 'ignore_ament_install']
[0.375s] Level 1:colcon.colcon_core.package_identification:_identify(build) by extension 'ignore'
[0.375s] Level 1:colcon.colcon_core.package_identification:_identify(build) ignored
[0.375s] Level 1:colcon.colcon_core.package_identification:_identify(install) by extensions ['ignore', 'ignore_ament_install']
[0.375s] Level 1:colcon.colcon_core.package_identification:_identify(install) by extension 'ignore'
[0.375s] Level 1:colcon.colcon_core.package_identification:_identify(install) ignored
[0.375s] Level 1:colcon.colcon_core.package_identification:_identify(log) by extensions ['ignore', 'ignore_ament_install']
[0.375s] Level 1:colcon.colcon_core.package_identification:_identify(log) by extension 'ignore'
[0.375s] Level 1:colcon.colcon_core.package_identification:_identify(log) ignored
[0.376s] Level 1:colcon.colcon_core.package_identification:_identify(src) by extensions ['ignore', 'ignore_ament_install']
[0.376s] Level 1:colcon.colcon_core.package_identification:_identify(src) by extension 'ignore'
[0.376s] Level 1:colcon.colcon_core.package_identification:_identify(src) by extension 'ignore_ament_install'
[0.376s] Level 1:colcon.colcon_core.package_identification:_identify(src) by extensions ['colcon_pkg']
[0.376s] Level 1:colcon.colcon_core.package_identification:_identify(src) by extension 'colcon_pkg'
[0.376s] Level 1:colcon.colcon_core.package_identification:_identify(src) by extensions ['colcon_meta']
[0.376s] Level 1:colcon.colcon_core.package_identification:_identify(src) by extension 'colcon_meta'
[0.376s] Level 1:colcon.colcon_core.package_identification:_identify(src) by extensions ['ros']
[0.376s] Level 1:colcon.colcon_core.package_identification:_identify(src) by extension 'ros'
[0.376s] Level 1:colcon.colcon_core.package_identification:_identify(src) by extensions ['cmake', 'python']
[0.376s] Level 1:colcon.colcon_core.package_identification:_identify(src) by extension 'cmake'
[0.376s] Level 1:colcon.colcon_core.package_identification:_identify(src) by extension 'python'
[0.376s] Level 1:colcon.colcon_core.package_identification:_identify(src) by extensions ['python_setup_py']
[0.376s] Level 1:colcon.colcon_core.package_identification:_identify(src) by extension 'python_setup_py'
[0.376s] Level 1:colcon.colcon_core.package_identification:_identify(src/china_lidar_driver) by extensions ['ignore', 'ignore_ament_install']
[0.377s] Level 1:colcon.colcon_core.package_identification:_identify(src/china_lidar_driver) by extension 'ignore'
[0.377s] Level 1:colcon.colcon_core.package_identification:_identify(src/china_lidar_driver) by extension 'ignore_ament_install'
[0.377s] Level 1:colcon.colcon_core.package_identification:_identify(src/china_lidar_driver) by extensions ['colcon_pkg']
[0.377s] Level 1:colcon.colcon_core.package_identification:_identify(src/china_lidar_driver) by extension 'colcon_pkg'
[0.377s] Level 1:colcon.colcon_core.package_identification:_identify(src/china_lidar_driver) by extensions ['colcon_meta']
[0.377s] Level 1:colcon.colcon_core.package_identification:_identify(src/china_lidar_driver) by extension 'colcon_meta'
[0.377s] Level 1:colcon.colcon_core.package_identification:_identify(src/china_lidar_driver) by extensions ['ros']
[0.377s] Level 1:colcon.colcon_core.package_identification:_identify(src/china_lidar_driver) by extension 'ros'
[0.379s] DEBUG:colcon.colcon_core.package_identification:Package 'src/china_lidar_driver' with type 'ros.ament_cmake' and name 'china_lidar_driver'
[0.379s] Level 1:colcon.colcon_core.package_discovery:discover_packages(recursive) using defaults
[0.379s] Level 1:colcon.colcon_core.package_discovery:discover_packages(ignore) discover
[0.379s] Level 1:colcon.colcon_core.package_discovery:discover_packages(ignore) using defaults
[0.379s] Level 1:colcon.colcon_core.package_discovery:discover_packages(path) discover
[0.379s] Level 1:colcon.colcon_core.package_discovery:discover_packages(path) using defaults
[0.399s] Level 5:colcon.colcon_core.verb:set package 'china_lidar_driver' build argument 'cmake_args' from command line to '['-DCMAKE_BUILD_TYPE=Debug']'
[0.399s] Level 5:colcon.colcon_core.verb:set package 'china_lidar_driver' build argument 'cmake_target' from command line to 'None'
[0.399s] Level 5:colcon.colcon_core.verb:set package 'china_lidar_driver' build argument 'cmake_target_skip_unavailable' from command line to 'False'
[0.399s] Level 5:colcon.colcon_core.verb:set package 'china_lidar_driver' build argument 'cmake_clean_cache' from command line to 'False'
[0.399s] Level 5:colcon.colcon_core.verb:set package 'china_lidar_driver' build argument 'cmake_clean_first' from command line to 'False'
[0.399s] Level 5:colcon.colcon_core.verb:set package 'china_lidar_driver' build argument 'cmake_force_configure' from command line to 'False'
[0.399s] Level 5:colcon.colcon_core.verb:set package 'china_lidar_driver' build argument 'ament_cmake_args' from command line to 'None'
[0.399s] Level 5:colcon.colcon_core.verb:set package 'china_lidar_driver' build argument 'catkin_cmake_args' from command line to 'None'
[0.399s] Level 5:colcon.colcon_core.verb:set package 'china_lidar_driver' build argument 'catkin_skip_building_tests' from command line to 'False'
[0.399s] DEBUG:colcon.colcon_core.verb:Building package 'china_lidar_driver' with the following arguments: {'ament_cmake_args': None, 'build_base': '/workspaces/gh_mk2/build/china_lidar_driver', 'catkin_cmake_args': None, 'catkin_skip_building_tests': False, 'cmake_args': ['-DCMAKE_BUILD_TYPE=Debug'], 'cmake_clean_cache': False, 'cmake_clean_first': False, 'cmake_force_configure': False, 'cmake_target': None, 'cmake_target_skip_unavailable': False, 'install_base': '/workspaces/gh_mk2/install/china_lidar_driver', 'merge_install': False, 'path': '/workspaces/gh_mk2/src/china_lidar_driver', 'symlink_install': False, 'test_result_base': None}
[0.400s] INFO:colcon.colcon_core.executor:Executing jobs using 'parallel' executor
[0.402s] DEBUG:colcon.colcon_parallel_executor.executor.parallel:run_until_complete
[0.403s] INFO:colcon.colcon_ros.task.ament_cmake.build:Building ROS package in '/workspaces/gh_mk2/src/china_lidar_driver' with build type 'ament_cmake'
[0.403s] INFO:colcon.colcon_cmake.task.cmake.build:Building CMake package in '/workspaces/gh_mk2/src/china_lidar_driver'
[0.407s] INFO:colcon.colcon_core.plugin_system:Skipping extension 'colcon_core.shell.bat': Not used on non-Windows systems
[0.407s] INFO:colcon.colcon_core.shell:Skip shell extension 'powershell' for command environment: Not usable outside of PowerShell
[0.407s] DEBUG:colcon.colcon_core.shell:Skip shell extension 'dsv' for command environment
[0.418s] DEBUG:colcon.colcon_core.event_handler.log_command:Invoking command in '/workspaces/gh_mk2/build/china_lidar_driver': CMAKE_PREFIX_PATH=${CMAKE_PREFIX_PATH}:/opt/ros/humble /usr/bin/cmake --build /workspaces/gh_mk2/build/china_lidar_driver -- -j12 -l12
[0.469s] DEBUG:colcon.colcon_core.event_handler.log_command:Invoked command in '/workspaces/gh_mk2/build/china_lidar_driver' returned '0': CMAKE_PREFIX_PATH=${CMAKE_PREFIX_PATH}:/opt/ros/humble /usr/bin/cmake --build /workspaces/gh_mk2/build/china_lidar_driver -- -j12 -l12
[0.494s] DEBUG:colcon.colcon_core.event_handler.log_command:Invoking command in '/workspaces/gh_mk2/build/china_lidar_driver': CMAKE_PREFIX_PATH=${CMAKE_PREFIX_PATH}:/opt/ros/humble /usr/bin/cmake --install /workspaces/gh_mk2/build/china_lidar_driver
[0.501s] Level 1:colcon.colcon_core.environment:create_environment_scripts_only(china_lidar_driver)
[0.501s] DEBUG:colcon.colcon_core.event_handler.log_command:Invoked command in '/workspaces/gh_mk2/build/china_lidar_driver' returned '0': CMAKE_PREFIX_PATH=${CMAKE_PREFIX_PATH}:/opt/ros/humble /usr/bin/cmake --install /workspaces/gh_mk2/build/china_lidar_driver
[0.505s] Level 1:colcon.colcon_core.environment:checking '/workspaces/gh_mk2/install/china_lidar_driver' for CMake module files
[0.505s] Level 1:colcon.colcon_core.environment:checking '/workspaces/gh_mk2/install/china_lidar_driver' for CMake config files
[0.505s] Level 1:colcon.colcon_core.shell:create_environment_hook('china_lidar_driver', 'cmake_prefix_path')
[0.506s] INFO:colcon.colcon_core.shell:Creating environment hook '/workspaces/gh_mk2/install/china_lidar_driver/share/china_lidar_driver/hook/cmake_prefix_path.ps1'
[0.506s] INFO:colcon.colcon_core.shell:Creating environment descriptor '/workspaces/gh_mk2/install/china_lidar_driver/share/china_lidar_driver/hook/cmake_prefix_path.dsv'
[0.507s] INFO:colcon.colcon_core.shell:Creating environment hook '/workspaces/gh_mk2/install/china_lidar_driver/share/china_lidar_driver/hook/cmake_prefix_path.sh'
[0.507s] Level 1:colcon.colcon_core.environment:checking '/workspaces/gh_mk2/install/china_lidar_driver/lib'
[0.508s] Level 1:colcon.colcon_core.environment:checking '/workspaces/gh_mk2/install/china_lidar_driver/bin'
[0.508s] Level 1:colcon.colcon_core.environment:checking '/workspaces/gh_mk2/install/china_lidar_driver/lib/pkgconfig/china_lidar_driver.pc'
[0.509s] Level 1:colcon.colcon_core.environment:checking '/workspaces/gh_mk2/install/china_lidar_driver/lib/python3.10/site-packages'
[0.509s] Level 1:colcon.colcon_core.environment:checking '/workspaces/gh_mk2/install/china_lidar_driver/bin'
[0.510s] INFO:colcon.colcon_core.shell:Creating package script '/workspaces/gh_mk2/install/china_lidar_driver/share/china_lidar_driver/package.ps1'
[0.511s] INFO:colcon.colcon_core.shell:Creating package descriptor '/workspaces/gh_mk2/install/china_lidar_driver/share/china_lidar_driver/package.dsv'
[0.511s] INFO:colcon.colcon_core.shell:Creating package script '/workspaces/gh_mk2/install/china_lidar_driver/share/china_lidar_driver/package.sh'
[0.511s] INFO:colcon.colcon_core.shell:Creating package script '/workspaces/gh_mk2/install/china_lidar_driver/share/china_lidar_driver/package.bash'
[0.512s] INFO:colcon.colcon_core.shell:Creating package script '/workspaces/gh_mk2/install/china_lidar_driver/share/china_lidar_driver/package.zsh'
[0.513s] Level 1:colcon.colcon_core.environment:create_file_with_runtime_dependencies(/workspaces/gh_mk2/install/china_lidar_driver/share/colcon-core/packages/china_lidar_driver)
[0.531s] Level 1:colcon.colcon_core.environment:create_environment_scripts_only(china_lidar_driver)
[0.532s] Level 1:colcon.colcon_core.environment:checking '/workspaces/gh_mk2/install/china_lidar_driver' for CMake module files
[0.533s] Level 1:colcon.colcon_core.environment:checking '/workspaces/gh_mk2/install/china_lidar_driver' for CMake config files
[0.533s] Level 1:colcon.colcon_core.shell:create_environment_hook('china_lidar_driver', 'cmake_prefix_path')
[0.534s] INFO:colcon.colcon_core.shell:Creating environment hook '/workspaces/gh_mk2/install/china_lidar_driver/share/china_lidar_driver/hook/cmake_prefix_path.ps1'
[0.534s] INFO:colcon.colcon_core.shell:Creating environment descriptor '/workspaces/gh_mk2/install/china_lidar_driver/share/china_lidar_driver/hook/cmake_prefix_path.dsv'
[0.534s] INFO:colcon.colcon_core.shell:Creating environment hook '/workspaces/gh_mk2/install/china_lidar_driver/share/china_lidar_driver/hook/cmake_prefix_path.sh'
[0.535s] Level 1:colcon.colcon_core.environment:checking '/workspaces/gh_mk2/install/china_lidar_driver/lib'
[0.535s] Level 1:colcon.colcon_core.environment:checking '/workspaces/gh_mk2/install/china_lidar_driver/bin'
[0.535s] Level 1:colcon.colcon_core.environment:checking '/workspaces/gh_mk2/install/china_lidar_driver/lib/pkgconfig/china_lidar_driver.pc'
[0.535s] Level 1:colcon.colcon_core.environment:checking '/workspaces/gh_mk2/install/china_lidar_driver/lib/python3.10/site-packages'
[0.535s] Level 1:colcon.colcon_core.environment:checking '/workspaces/gh_mk2/install/china_lidar_driver/bin'
[0.536s] INFO:colcon.colcon_core.shell:Creating package script '/workspaces/gh_mk2/install/china_lidar_driver/share/china_lidar_driver/package.ps1'
[0.537s] INFO:colcon.colcon_core.shell:Creating package descriptor '/workspaces/gh_mk2/install/china_lidar_driver/share/china_lidar_driver/package.dsv'
[0.537s] INFO:colcon.colcon_core.shell:Creating package script '/workspaces/gh_mk2/install/china_lidar_driver/share/china_lidar_driver/package.sh'
[0.537s] INFO:colcon.colcon_core.shell:Creating package script '/workspaces/gh_mk2/install/china_lidar_driver/share/china_lidar_driver/package.bash'
[0.538s] INFO:colcon.colcon_core.shell:Creating package script '/workspaces/gh_mk2/install/china_lidar_driver/share/china_lidar_driver/package.zsh'
[0.538s] Level 1:colcon.colcon_core.environment:create_file_with_runtime_dependencies(/workspaces/gh_mk2/install/china_lidar_driver/share/colcon-core/packages/china_lidar_driver)
[0.538s] DEBUG:colcon.colcon_parallel_executor.executor.parallel:closing loop
[0.538s] DEBUG:colcon.colcon_parallel_executor.executor.parallel:loop closed
[0.539s] DEBUG:colcon.colcon_parallel_executor.executor.parallel:run_until_complete finished with '0'
[0.539s] DEBUG:colcon.colcon_core.event_reactor:joining thread
[0.543s] INFO:colcon.colcon_core.plugin_system:Skipping extension 'colcon_notification.desktop_notification.notify_send': Could not find 'notify-send'
[0.543s] INFO:colcon.colcon_core.plugin_system:Skipping extension 'colcon_notification.desktop_notification.terminal_notifier': Not used on non-Darwin systems
[0.543s] INFO:colcon.colcon_core.plugin_system:Skipping extension 'colcon_notification.desktop_notification.win32': Not used on non-Windows systems
[0.544s] INFO:colcon.colcon_notification.desktop_notification:Sending desktop notification using 'notify2'
[0.546s] DEBUG:colcon.colcon_notification.desktop_notification.notify2:Failed to initialize notify2: org.freedesktop.DBus.Error.Spawn.ExecFailed: /usr/bin/dbus-launch terminated abnormally without any error message
[0.546s] DEBUG:colcon.colcon_core.event_reactor:joined thread
[0.547s] INFO:colcon.colcon_core.shell:Creating prefix script '/workspaces/gh_mk2/install/local_setup.ps1'
[0.548s] INFO:colcon.colcon_core.shell:Creating prefix util module '/workspaces/gh_mk2/install/_local_setup_util_ps1.py'
[0.550s] INFO:colcon.colcon_core.shell:Creating prefix chain script '/workspaces/gh_mk2/install/setup.ps1'
[0.551s] INFO:colcon.colcon_core.shell:Creating prefix script '/workspaces/gh_mk2/install/local_setup.sh'
[0.552s] INFO:colcon.colcon_core.shell:Creating prefix util module '/workspaces/gh_mk2/install/_local_setup_util_sh.py'
[0.552s] INFO:colcon.colcon_core.shell:Creating prefix chain script '/workspaces/gh_mk2/install/setup.sh'
[0.553s] INFO:colcon.colcon_core.shell:Creating prefix script '/workspaces/gh_mk2/install/local_setup.bash'
[0.554s] INFO:colcon.colcon_core.shell:Creating prefix chain script '/workspaces/gh_mk2/install/setup.bash'
[0.555s] INFO:colcon.colcon_core.shell:Creating prefix script '/workspaces/gh_mk2/install/local_setup.zsh'
[0.556s] INFO:colcon.colcon_core.shell:Creating prefix chain script '/workspaces/gh_mk2/install/setup.zsh'
