[01m[K/workspaces/gh_mk2/src/china_lidar_driver/src/lidar_interaction.cpp:[m[K In constructor ‘[01m[KChinaLidar::LidarInteraction::LidarInteraction(ChinaLidar::LidarInteraction::PCCallback, ChinaLidar::LidarInteraction::ScanCallback, const string&, uint32_t)[m[K’:
[01m[K/workspaces/gh_mk2/src/china_lidar_driver/src/lidar_interaction.cpp:23:40:[m[K [01;31m[Kerror: [m[K‘[01m[KO_RDWR[m[K’ was not declared in this scope
   23 |         serial_fd = open(port.c_str(), [01;31m[KO_RDWR[m[K | O_NOCTTY );
      |                                        [01;31m[K^~~~~~[m[K
[01m[K/workspaces/gh_mk2/src/china_lidar_driver/src/lidar_interaction.cpp:23:49:[m[K [01;31m[Kerror: [m[K‘[01m[KO_NOCTTY[m[K’ was not declared in this scope; did you mean ‘[01m[KENOTTY[m[K’?
   23 |         serial_fd = open(port.c_str(), O_RDWR | [01;31m[KO_NOCTTY[m[K );
      |                                                 [01;31m[K^~~~~~~~[m[K
      |                                                 [32m[KENOTTY[m[K
[01m[K/workspaces/gh_mk2/src/china_lidar_driver/src/lidar_interaction.cpp:23:21:[m[K [01;31m[Kerror: [m[K‘[01m[Kopen[m[K’ was not declared in this scope; did you mean ‘[01m[Kpopen[m[K’?
   23 |         serial_fd = [01;31m[Kopen[m[K(port.c_str(), O_RDWR | O_NOCTTY );
      |                     [01;31m[K^~~~[m[K
      |                     [32m[Kpopen[m[K
[01m[K/workspaces/gh_mk2/src/china_lidar_driver/src/lidar_interaction.cpp:32:9:[m[K [01;31m[Kerror: [m[K‘[01m[Kmemset[m[K’ was not declared in this scope
   32 |         [01;31m[Kmemset[m[K(&tty, 0, sizeof(tty));
      |         [01;31m[K^~~~~~[m[K
[01m[K/workspaces/gh_mk2/src/china_lidar_driver/src/lidar_interaction.cpp:5:1:[m[K [01;36m[Knote: [m[K‘[01m[Kmemset[m[K’ is defined in header ‘[01m[K<cstring>[m[K’; did you forget to ‘[01m[K#include <cstring>[m[K’?
    4 | #include <termios.h>
  +++ |+[32m[K#include <cstring>[m[K
    5 | 
[01m[K/workspaces/gh_mk2/src/china_lidar_driver/src/lidar_interaction.cpp:[m[K In destructor ‘[01m[KChinaLidar::LidarInteraction::~LidarInteraction()[m[K’:
[01m[K/workspaces/gh_mk2/src/china_lidar_driver/src/lidar_interaction.cpp:44:13:[m[K [01;31m[Kerror: [m[K‘[01m[Kclose[m[K’ was not declared in this scope; did you mean ‘[01m[Kpclose[m[K’?
   44 |             [01;31m[Kclose[m[K(serial_fd);
      |             [01;31m[K^~~~~[m[K
      |             [32m[Kpclose[m[K
gmake[2]: *** [CMakeFiles/data_reader.dir/build.make:90: CMakeFiles/data_reader.dir/src/lidar_interaction.cpp.o] Error 1
gmake[2]: *** Waiting for unfinished jobs....
gmake[1]: *** [CMakeFiles/Makefile2:137: CMakeFiles/data_reader.dir/all] Error 2
gmake: *** [Makefile:146: all] Error 2
