[35m[1mConsolidate compiler generated dependencies of target data_reader[0m
[ 33%] [32mBuilding CXX object CMakeFiles/data_reader.dir/src/lidar_interaction.cpp.o[0m
In file included from [01m[K/usr/include/x86_64-linux-gnu/sys/ioctl.h:29[m[K,
                 from [01m[K/workspaces/gh_mk2/src/china_lidar_driver/src/lidar_interaction.cpp:7[m[K:
[01m[K/usr/include/x86_64-linux-gnu/bits/ioctl-types.h:27:8:[m[K [01;31m[Kerror: [m[Kredefinition of ‘[01m[Kstruct winsize[m[K’
   27 | struct [01;31m[Kwinsize[m[K
      |        [01;31m[K^~~~~~~[m[K
In file included from [01m[K/usr/include/x86_64-linux-gnu/asm/termios.h:1[m[K,
                 from [01m[K/workspaces/gh_mk2/src/china_lidar_driver/src/lidar_interaction.cpp:6[m[K:
[01m[K/usr/include/asm-generic/termios.h:15:8:[m[K [01;36m[Knote: [m[Kprevious definition of ‘[01m[Kstruct winsize[m[K’
   15 | struct [01;36m[Kwinsize[m[K {
      |        [01;36m[K^~~~~~~[m[K
In file included from [01m[K/usr/include/x86_64-linux-gnu/sys/ioctl.h:29[m[K,
                 from [01m[K/workspaces/gh_mk2/src/china_lidar_driver/src/lidar_interaction.cpp:7[m[K:
[01m[K/usr/include/x86_64-linux-gnu/bits/ioctl-types.h:36:8:[m[K [01;31m[Kerror: [m[Kredefinition of ‘[01m[Kstruct termio[m[K’
   36 | struct [01;31m[Ktermio[m[K
      |        [01;31m[K^~~~~~[m[K
In file included from [01m[K/usr/include/x86_64-linux-gnu/asm/termios.h:1[m[K,
                 from [01m[K/workspaces/gh_mk2/src/china_lidar_driver/src/lidar_interaction.cpp:6[m[K:
[01m[K/usr/include/asm-generic/termios.h:23:8:[m[K [01;36m[Knote: [m[Kprevious definition of ‘[01m[Kstruct termio[m[K’
   23 | struct [01;36m[Ktermio[m[K {
      |        [01;36m[K^~~~~~[m[K
[01m[K/workspaces/gh_mk2/src/china_lidar_driver/src/lidar_interaction.cpp:[m[K In member function ‘[01m[Kvoid ChinaLidar::LidarInteraction::parseData()[m[K’:
[01m[K/workspaces/gh_mk2/src/china_lidar_driver/src/lidar_interaction.cpp:140:23:[m[K [01;35m[Kwarning: [m[Kthis statement may fall through [[01;35m[K]8;;https://gcc.gnu.org/onlinedocs/gcc/Warning-Options.html#index-Wimplicit-fallthrough=-Wimplicit-fallthrough=]8;;[m[K]
  140 |                 [01;35m[Kstate = State::DATA[m[K;
      |                 [01;35m[K~~~~~~^~~~~~~~~~~~~[m[K
[01m[K/workspaces/gh_mk2/src/china_lidar_driver/src/lidar_interaction.cpp:142:13:[m[K [01;36m[Knote: [m[Khere
  142 |             [01;36m[Kcase[m[K State::DATA:
      |             [01;36m[K^~~~[m[K
gmake[2]: *** [CMakeFiles/data_reader.dir/build.make:90: CMakeFiles/data_reader.dir/src/lidar_interaction.cpp.o] Error 1
gmake[1]: *** [CMakeFiles/Makefile2:137: CMakeFiles/data_reader.dir/all] Error 2
gmake: *** [Makefile:146: all] Error 2
