[0.014s] Invoking command in '/workspaces/gh_mk2/build/china_lidar_driver': CMAKE_PREFIX_PATH=${CMAKE_PREFIX_PATH}:/opt/ros/humble /usr/bin/cmake --build /workspaces/gh_mk2/build/china_lidar_driver -- -j12 -l12
[0.060s] [35m[1mConsolidate compiler generated dependencies of target data_reader[0m
[0.076s] [ 33%] [32mBuilding CXX object CMakeFiles/data_reader.dir/src/lidar_interaction.cpp.o[0m
[0.371s] In file included from [01m[K/usr/include/x86_64-linux-gnu/sys/ioctl.h:29[m[K,
[0.371s]                  from [01m[K/workspaces/gh_mk2/src/china_lidar_driver/src/lidar_interaction.cpp:7[m[K:
[0.371s] [01m[K/usr/include/x86_64-linux-gnu/bits/ioctl-types.h:27:8:[m[K [01;31m[Kerror: [m[Kredefinition of ‘[01m[Kstruct winsize[m[K’
[0.371s]    27 | struct [01;31m[Kwinsize[m[K
[0.371s]       |        [01;31m[K^~~~~~~[m[K
[0.372s] In file included from [01m[K/usr/include/x86_64-linux-gnu/asm/termios.h:1[m[K,
[0.372s]                  from [01m[K/workspaces/gh_mk2/src/china_lidar_driver/src/lidar_interaction.cpp:6[m[K:
[0.372s] [01m[K/usr/include/asm-generic/termios.h:15:8:[m[K [01;36m[Knote: [m[Kprevious definition of ‘[01m[Kstruct winsize[m[K’
[0.372s]    15 | struct [01;36m[Kwinsize[m[K {
[0.372s]       |        [01;36m[K^~~~~~~[m[K
[0.372s] In file included from [01m[K/usr/include/x86_64-linux-gnu/sys/ioctl.h:29[m[K,
[0.372s]                  from [01m[K/workspaces/gh_mk2/src/china_lidar_driver/src/lidar_interaction.cpp:7[m[K:
[0.372s] [01m[K/usr/include/x86_64-linux-gnu/bits/ioctl-types.h:36:8:[m[K [01;31m[Kerror: [m[Kredefinition of ‘[01m[Kstruct termio[m[K’
[0.372s]    36 | struct [01;31m[Ktermio[m[K
[0.372s]       |        [01;31m[K^~~~~~[m[K
[0.372s] In file included from [01m[K/usr/include/x86_64-linux-gnu/asm/termios.h:1[m[K,
[0.372s]                  from [01m[K/workspaces/gh_mk2/src/china_lidar_driver/src/lidar_interaction.cpp:6[m[K:
[0.372s] [01m[K/usr/include/asm-generic/termios.h:23:8:[m[K [01;36m[Knote: [m[Kprevious definition of ‘[01m[Kstruct termio[m[K’
[0.372s]    23 | struct [01;36m[Ktermio[m[K {
[0.372s]       |        [01;36m[K^~~~~~[m[K
[0.471s] [01m[K/workspaces/gh_mk2/src/china_lidar_driver/src/lidar_interaction.cpp:[m[K In member function ‘[01m[Kvoid ChinaLidar::LidarInteraction::parseData()[m[K’:
[0.471s] [01m[K/workspaces/gh_mk2/src/china_lidar_driver/src/lidar_interaction.cpp:140:23:[m[K [01;35m[Kwarning: [m[Kthis statement may fall through [[01;35m[K]8;;https://gcc.gnu.org/onlinedocs/gcc/Warning-Options.html#index-Wimplicit-fallthrough=-Wimplicit-fallthrough=]8;;[m[K]
[0.471s]   140 |                 [01;35m[Kstate = State::DATA[m[K;
[0.471s]       |                 [01;35m[K~~~~~~^~~~~~~~~~~~~[m[K
[0.471s] [01m[K/workspaces/gh_mk2/src/china_lidar_driver/src/lidar_interaction.cpp:142:13:[m[K [01;36m[Knote: [m[Khere
[0.471s]   142 |             [01;36m[Kcase[m[K State::DATA:
[0.471s]       |             [01;36m[K^~~~[m[K
[0.481s] gmake[2]: *** [CMakeFiles/data_reader.dir/build.make:90: CMakeFiles/data_reader.dir/src/lidar_interaction.cpp.o] Error 1
[0.482s] gmake[1]: *** [CMakeFiles/Makefile2:137: CMakeFiles/data_reader.dir/all] Error 2
[0.482s] gmake: *** [Makefile:146: all] Error 2
[0.485s] Invoked command in '/workspaces/gh_mk2/build/china_lidar_driver' returned '2': CMAKE_PREFIX_PATH=${CMAKE_PREFIX_PATH}:/opt/ros/humble /usr/bin/cmake --build /workspaces/gh_mk2/build/china_lidar_driver -- -j12 -l12
