[0.000000] (-) TimerEvent: {}
[0.000489] (china_lidar_driver) JobQueued: {'identifier': 'china_lidar_driver', 'dependencies': OrderedDict()}
[0.000629] (china_lidar_driver) JobStarted: {'identifier': 'china_lidar_driver'}
[0.013768] (china_lidar_driver) JobProgress: {'identifier': 'china_lidar_driver', 'progress': 'cmake'}
[0.014388] (china_lidar_driver) JobProgress: {'identifier': 'china_lidar_driver', 'progress': 'build'}
[0.014942] (china_lidar_driver) Command: {'cmd': ['/usr/bin/cmake', '--build', '/workspaces/gh_mk2/build/china_lidar_driver', '--', '-j12', '-l12'], 'cwd': '/workspaces/gh_mk2/build/china_lidar_driver', 'env': OrderedDict([('HOSTNAME', 'dd3f5c63d6c1'), ('GIT_ASKPASS', '/vscode/vscode-server/bin/linux-x64/6c3e3dba23e8fadc360aed75ce363ba185c49794/extensions/git/dist/askpass.sh'), ('SHLVL', '1'), ('LD_LIBRARY_PATH', '/usr/lib/x86_64-linux-gnu/gazebo-11/plugins:/opt/ros/humble/opt/rviz_ogre_vendor/lib:/opt/ros/humble/lib/x86_64-linux-gnu:/opt/ros/humble/lib'), ('BROWSER', '/vscode/vscode-server/bin/linux-x64/6c3e3dba23e8fadc360aed75ce363ba185c49794/bin/helpers/browser.sh'), ('HOME', '/root'), ('TERM_PROGRAM_VERSION', '1.81.1'), ('VSCODE_IPC_HOOK_CLI', '/tmp/vscode-ipc-aeac6d13-14f0-4a07-bc16-ecf5b83273cb.sock'), ('ROS_PYTHON_VERSION', '3'), ('VSCODE_GIT_ASKPASS_MAIN', '/vscode/vscode-server/bin/linux-x64/6c3e3dba23e8fadc360aed75ce363ba185c49794/extensions/git/dist/askpass-main.js'), ('VSCODE_GIT_ASKPASS_NODE', '/vscode/vscode-server/bin/linux-x64/6c3e3dba23e8fadc360aed75ce363ba185c49794/node'), ('COLORTERM', 'truecolor'), ('REMOTE_CONTAINERS', 'true'), ('DEBUGINFOD_URLS', ''), ('COLCON_PREFIX_PATH', '/workspaces/gh_mk2/install'), ('ROS_DISTRO', 'humble'), ('REMOTE_CONTAINERS_IPC', '/tmp/vscode-remote-containers-ipc-04f38132-6b2b-4689-9038-8fe8f059f9bf.sock'), ('_', '/usr/bin/colcon'), ('ROS_VERSION', '2'), ('TERM', 'xterm-256color'), ('ROS_LOCALHOST_ONLY', '1'), ('PATH', '/vscode/vscode-server/bin/linux-x64/6c3e3dba23e8fadc360aed75ce363ba185c49794/bin/remote-cli:/opt/ros/humble/bin:/usr/local/sbin:/usr/local/bin:/usr/sbin:/usr/bin:/sbin:/bin'), ('REMOTE_CONTAINERS_SOCKETS', '["/tmp/vscode-ssh-auth-04f38132-6b2b-4689-9038-8fe8f059f9bf.sock","/tmp/.X11-unix/X0","/root/.gnupg/S.gpg-agent"]'), ('DISPLAY', ':1'), ('LANG', 'C.UTF-8'), ('RMW_IMPLEMENTATION', 'rmw_cyclonedds_cpp'), ('LS_COLORS', ''), ('VSCODE_GIT_IPC_HANDLE', '/tmp/vscode-git-97e2ea5ab1.sock'), ('TERM_PROGRAM', 'vscode'), ('SSH_AUTH_SOCK', '/tmp/vscode-ssh-auth-04f38132-6b2b-4689-9038-8fe8f059f9bf.sock'), ('ROS_DOMAIN_ID', '42'), ('AMENT_PREFIX_PATH', '/workspaces/gh_mk2/install/china_lidar_driver:/opt/ros/humble'), ('REMOTE_CONTAINERS_DISPLAY_SOCK', '/tmp/.X11-unix/X0'), ('SHELL', '/bin/bash'), ('VSCODE_GIT_ASKPASS_EXTRA_ARGS', ''), ('PWD', '/workspaces/gh_mk2/build/china_lidar_driver'), ('LC_ALL', 'C.UTF-8'), ('PYTHONPATH', '/opt/ros/humble/lib/python3.10/site-packages:/opt/ros/humble/local/lib/python3.10/dist-packages'), ('COLCON', '1'), ('CMAKE_PREFIX_PATH', '/workspaces/gh_mk2/install/china_lidar_driver:/opt/ros/humble')]), 'shell': False}
[0.047886] (china_lidar_driver) StdoutLine: {'line': b'\x1b[35m\x1b[1mConsolidate compiler generated dependencies of target data_reader\x1b[0m\n'}
[0.060921] (china_lidar_driver) StdoutLine: {'line': b'[100%] Built target data_reader\n'}
[0.068013] (china_lidar_driver) CommandEnded: {'returncode': 0}
[0.085195] (china_lidar_driver) JobProgress: {'identifier': 'china_lidar_driver', 'progress': 'install'}
[0.091033] (china_lidar_driver) Command: {'cmd': ['/usr/bin/cmake', '--install', '/workspaces/gh_mk2/build/china_lidar_driver'], 'cwd': '/workspaces/gh_mk2/build/china_lidar_driver', 'env': OrderedDict([('HOSTNAME', 'dd3f5c63d6c1'), ('GIT_ASKPASS', '/vscode/vscode-server/bin/linux-x64/6c3e3dba23e8fadc360aed75ce363ba185c49794/extensions/git/dist/askpass.sh'), ('SHLVL', '1'), ('LD_LIBRARY_PATH', '/usr/lib/x86_64-linux-gnu/gazebo-11/plugins:/opt/ros/humble/opt/rviz_ogre_vendor/lib:/opt/ros/humble/lib/x86_64-linux-gnu:/opt/ros/humble/lib'), ('BROWSER', '/vscode/vscode-server/bin/linux-x64/6c3e3dba23e8fadc360aed75ce363ba185c49794/bin/helpers/browser.sh'), ('HOME', '/root'), ('TERM_PROGRAM_VERSION', '1.81.1'), ('VSCODE_IPC_HOOK_CLI', '/tmp/vscode-ipc-aeac6d13-14f0-4a07-bc16-ecf5b83273cb.sock'), ('ROS_PYTHON_VERSION', '3'), ('VSCODE_GIT_ASKPASS_MAIN', '/vscode/vscode-server/bin/linux-x64/6c3e3dba23e8fadc360aed75ce363ba185c49794/extensions/git/dist/askpass-main.js'), ('VSCODE_GIT_ASKPASS_NODE', '/vscode/vscode-server/bin/linux-x64/6c3e3dba23e8fadc360aed75ce363ba185c49794/node'), ('COLORTERM', 'truecolor'), ('REMOTE_CONTAINERS', 'true'), ('DEBUGINFOD_URLS', ''), ('COLCON_PREFIX_PATH', '/workspaces/gh_mk2/install'), ('ROS_DISTRO', 'humble'), ('REMOTE_CONTAINERS_IPC', '/tmp/vscode-remote-containers-ipc-04f38132-6b2b-4689-9038-8fe8f059f9bf.sock'), ('_', '/usr/bin/colcon'), ('ROS_VERSION', '2'), ('TERM', 'xterm-256color'), ('ROS_LOCALHOST_ONLY', '1'), ('PATH', '/vscode/vscode-server/bin/linux-x64/6c3e3dba23e8fadc360aed75ce363ba185c49794/bin/remote-cli:/opt/ros/humble/bin:/usr/local/sbin:/usr/local/bin:/usr/sbin:/usr/bin:/sbin:/bin'), ('REMOTE_CONTAINERS_SOCKETS', '["/tmp/vscode-ssh-auth-04f38132-6b2b-4689-9038-8fe8f059f9bf.sock","/tmp/.X11-unix/X0","/root/.gnupg/S.gpg-agent"]'), ('DISPLAY', ':1'), ('LANG', 'C.UTF-8'), ('RMW_IMPLEMENTATION', 'rmw_cyclonedds_cpp'), ('LS_COLORS', ''), ('VSCODE_GIT_IPC_HANDLE', '/tmp/vscode-git-97e2ea5ab1.sock'), ('TERM_PROGRAM', 'vscode'), ('SSH_AUTH_SOCK', '/tmp/vscode-ssh-auth-04f38132-6b2b-4689-9038-8fe8f059f9bf.sock'), ('ROS_DOMAIN_ID', '42'), ('AMENT_PREFIX_PATH', '/workspaces/gh_mk2/install/china_lidar_driver:/opt/ros/humble'), ('REMOTE_CONTAINERS_DISPLAY_SOCK', '/tmp/.X11-unix/X0'), ('SHELL', '/bin/bash'), ('VSCODE_GIT_ASKPASS_EXTRA_ARGS', ''), ('PWD', '/workspaces/gh_mk2/build/china_lidar_driver'), ('LC_ALL', 'C.UTF-8'), ('PYTHONPATH', '/opt/ros/humble/lib/python3.10/site-packages:/opt/ros/humble/local/lib/python3.10/dist-packages'), ('COLCON', '1'), ('CMAKE_PREFIX_PATH', '/workspaces/gh_mk2/install/china_lidar_driver:/opt/ros/humble')]), 'shell': False}
[0.096614] (china_lidar_driver) StdoutLine: {'line': b'-- Install configuration: "Debug"\n'}
[0.096768] (china_lidar_driver) StdoutLine: {'line': b'-- Up-to-date: /workspaces/gh_mk2/install/china_lidar_driver/lib/china_lidar_driver/data_reader\n'}
[0.096859] (china_lidar_driver) StdoutLine: {'line': b'-- Up-to-date: /workspaces/gh_mk2/install/china_lidar_driver/share/china_lidar_driver//launch\n'}
[0.096938] (china_lidar_driver) StdoutLine: {'line': b'-- Up-to-date: /workspaces/gh_mk2/install/china_lidar_driver/share/china_lidar_driver//launch/lidar_scan.launch.py\n'}
[0.097022] (china_lidar_driver) StdoutLine: {'line': b'-- Up-to-date: /workspaces/gh_mk2/install/china_lidar_driver/share/china_lidar_driver//launch/lidar_view.launch.py\n'}
[0.097077] (china_lidar_driver) StdoutLine: {'line': b'-- Up-to-date: /workspaces/gh_mk2/install/china_lidar_driver/share/china_lidar_driver//rviz\n'}
[0.097130] (china_lidar_driver) StdoutLine: {'line': b'-- Up-to-date: /workspaces/gh_mk2/install/china_lidar_driver/share/china_lidar_driver//rviz/china_lidar_rviz_config.rviz\n'}
[0.097183] (china_lidar_driver) StdoutLine: {'line': b'-- Up-to-date: /workspaces/gh_mk2/install/china_lidar_driver/share/ament_index/resource_index/package_run_dependencies/china_lidar_driver\n'}
[0.097289] (china_lidar_driver) StdoutLine: {'line': b'-- Up-to-date: /workspaces/gh_mk2/install/china_lidar_driver/share/ament_index/resource_index/parent_prefix_path/china_lidar_driver\n'}
[0.097340] (china_lidar_driver) StdoutLine: {'line': b'-- Up-to-date: /workspaces/gh_mk2/install/china_lidar_driver/share/china_lidar_driver/environment/ament_prefix_path.sh\n'}
[0.097459] (china_lidar_driver) StdoutLine: {'line': b'-- Up-to-date: /workspaces/gh_mk2/install/china_lidar_driver/share/china_lidar_driver/environment/ament_prefix_path.dsv\n'}
[0.097513] (china_lidar_driver) StdoutLine: {'line': b'-- Up-to-date: /workspaces/gh_mk2/install/china_lidar_driver/share/china_lidar_driver/environment/path.sh\n'}
[0.097563] (china_lidar_driver) StdoutLine: {'line': b'-- Up-to-date: /workspaces/gh_mk2/install/china_lidar_driver/share/china_lidar_driver/environment/path.dsv\n'}
[0.097619] (china_lidar_driver) StdoutLine: {'line': b'-- Up-to-date: /workspaces/gh_mk2/install/china_lidar_driver/share/china_lidar_driver/local_setup.bash\n'}
[0.097668] (china_lidar_driver) StdoutLine: {'line': b'-- Up-to-date: /workspaces/gh_mk2/install/china_lidar_driver/share/china_lidar_driver/local_setup.sh\n'}
[0.097717] (china_lidar_driver) StdoutLine: {'line': b'-- Up-to-date: /workspaces/gh_mk2/install/china_lidar_driver/share/china_lidar_driver/local_setup.zsh\n'}
[0.097766] (china_lidar_driver) StdoutLine: {'line': b'-- Up-to-date: /workspaces/gh_mk2/install/china_lidar_driver/share/china_lidar_driver/local_setup.dsv\n'}
[0.097814] (china_lidar_driver) StdoutLine: {'line': b'-- Installing: /workspaces/gh_mk2/install/china_lidar_driver/share/china_lidar_driver/package.dsv\n'}
[0.097863] (china_lidar_driver) StdoutLine: {'line': b'-- Up-to-date: /workspaces/gh_mk2/install/china_lidar_driver/share/ament_index/resource_index/packages/china_lidar_driver\n'}
[0.097912] (china_lidar_driver) StdoutLine: {'line': b'-- Up-to-date: /workspaces/gh_mk2/install/china_lidar_driver/share/china_lidar_driver/cmake/china_lidar_driverConfig.cmake\n'}
[0.097961] (china_lidar_driver) StdoutLine: {'line': b'-- Up-to-date: /workspaces/gh_mk2/install/china_lidar_driver/share/china_lidar_driver/cmake/china_lidar_driverConfig-version.cmake\n'}
[0.098010] (china_lidar_driver) StdoutLine: {'line': b'-- Up-to-date: /workspaces/gh_mk2/install/china_lidar_driver/share/china_lidar_driver/package.xml\n'}
[0.098423] (china_lidar_driver) CommandEnded: {'returncode': 0}
[0.099842] (-) TimerEvent: {}
[0.136657] (china_lidar_driver) JobEnded: {'identifier': 'china_lidar_driver', 'rc': 0}
[0.137222] (-) EventReactorShutdown: {}
