In file included from [01m[K/workspaces/gh_mk2/src/china_lidar_driver/src/lidar_interaction.cpp:1[m[K:
[01m[K/workspaces/gh_mk2/src/china_lidar_driver/include/china_lidar_driver/lidar_interaction.hpp:64:16:[m[K [01;31m[Kerror: [m[Kfield ‘[01m[Kon_point_cloud_received[m[K’ has incomplete type ‘[01m[KChinaLidar::LidarInteraction::PCCallback[m[K’ {aka ‘[01m[Kstd::function<std::vector<ChinaLidar::Point2D> >[m[K’}
   64 |     PCCallback [01;31m[Kon_point_cloud_received[m[K;
      |                [01;31m[K^~~~~~~~~~~~~~~~~~~~~~~[m[K
In file included from [01m[K/usr/include/c++/11/functional:59[m[K,
                 from [01m[K/workspaces/gh_mk2/src/china_lidar_driver/include/china_lidar_driver/lidar_interaction.hpp:6[m[K,
                 from [01m[K/workspaces/gh_mk2/src/china_lidar_driver/src/lidar_interaction.cpp:1[m[K:
[01m[K/usr/include/c++/11/bits/std_function.h:111:11:[m[K [01;36m[Knote: [m[Kdeclaration of ‘[01m[KChinaLidar::LidarInteraction::PCCallback[m[K’ {aka ‘[01m[Kclass std::function<std::vector<ChinaLidar::Point2D> >[m[K’}
  111 |     class [01;36m[Kfunction[m[K;
      |           [01;36m[K^~~~~~~~[m[K
In file included from [01m[K/workspaces/gh_mk2/src/china_lidar_driver/src/lidar_interaction.cpp:1[m[K:
[01m[K/workspaces/gh_mk2/src/china_lidar_driver/include/china_lidar_driver/lidar_interaction.hpp:65:18:[m[K [01;31m[Kerror: [m[Kfield ‘[01m[Kon_scan_data_received[m[K’ has incomplete type ‘[01m[KChinaLidar::LidarInteraction::ScanCallback[m[K’ {aka ‘[01m[Kstd::function<std::vector<ChinaLidar::Vector2D> >[m[K’}
   65 |     ScanCallback [01;31m[Kon_scan_data_received[m[K;
      |                  [01;31m[K^~~~~~~~~~~~~~~~~~~~~[m[K
In file included from [01m[K/usr/include/c++/11/functional:59[m[K,
                 from [01m[K/workspaces/gh_mk2/src/china_lidar_driver/include/china_lidar_driver/lidar_interaction.hpp:6[m[K,
                 from [01m[K/workspaces/gh_mk2/src/china_lidar_driver/src/lidar_interaction.cpp:1[m[K:
[01m[K/usr/include/c++/11/bits/std_function.h:111:11:[m[K [01;36m[Knote: [m[Kdeclaration of ‘[01m[KChinaLidar::LidarInteraction::ScanCallback[m[K’ {aka ‘[01m[Kclass std::function<std::vector<ChinaLidar::Vector2D> >[m[K’}
  111 |     class [01;36m[Kfunction[m[K;
      |           [01;36m[K^~~~~~~~[m[K
gmake[2]: *** [CMakeFiles/data_reader.dir/build.make:90: CMakeFiles/data_reader.dir/src/lidar_interaction.cpp.o] Error 1
gmake[2]: *** Waiting for unfinished jobs....
In file included from [01m[K/workspaces/gh_mk2/src/china_lidar_driver/src/data_reader.cpp:6[m[K:
[01m[K/workspaces/gh_mk2/src/china_lidar_driver/include/china_lidar_driver/lidar_interaction.hpp:64:16:[m[K [01;31m[Kerror: [m[Kfield ‘[01m[Kon_point_cloud_received[m[K’ has incomplete type ‘[01m[KChinaLidar::LidarInteraction::PCCallback[m[K’ {aka ‘[01m[Kstd::function<std::vector<ChinaLidar::Point2D> >[m[K’}
   64 |     PCCallback [01;31m[Kon_point_cloud_received[m[K;
      |                [01;31m[K^~~~~~~~~~~~~~~~~~~~~~~[m[K
In file included from [01m[K/usr/include/c++/11/future:47[m[K,
                 from [01m[K/opt/ros/humble/include/rclcpp/rclcpp/executors.hpp:18[m[K,
                 from [01m[K/opt/ros/humble/include/rclcpp/rclcpp/rclcpp.hpp:155[m[K,
                 from [01m[K/workspaces/gh_mk2/src/china_lidar_driver/src/data_reader.cpp:1[m[K:
[01m[K/usr/include/c++/11/bits/std_function.h:111:11:[m[K [01;36m[Knote: [m[Kdeclaration of ‘[01m[KChinaLidar::LidarInteraction::PCCallback[m[K’ {aka ‘[01m[Kclass std::function<std::vector<ChinaLidar::Point2D> >[m[K’}
  111 |     class [01;36m[Kfunction[m[K;
      |           [01;36m[K^~~~~~~~[m[K
In file included from [01m[K/workspaces/gh_mk2/src/china_lidar_driver/src/data_reader.cpp:6[m[K:
[01m[K/workspaces/gh_mk2/src/china_lidar_driver/include/china_lidar_driver/lidar_interaction.hpp:65:18:[m[K [01;31m[Kerror: [m[Kfield ‘[01m[Kon_scan_data_received[m[K’ has incomplete type ‘[01m[KChinaLidar::LidarInteraction::ScanCallback[m[K’ {aka ‘[01m[Kstd::function<std::vector<ChinaLidar::Vector2D> >[m[K’}
   65 |     ScanCallback [01;31m[Kon_scan_data_received[m[K;
      |                  [01;31m[K^~~~~~~~~~~~~~~~~~~~~[m[K
In file included from [01m[K/usr/include/c++/11/future:47[m[K,
                 from [01m[K/opt/ros/humble/include/rclcpp/rclcpp/executors.hpp:18[m[K,
                 from [01m[K/opt/ros/humble/include/rclcpp/rclcpp/rclcpp.hpp:155[m[K,
                 from [01m[K/workspaces/gh_mk2/src/china_lidar_driver/src/data_reader.cpp:1[m[K:
[01m[K/usr/include/c++/11/bits/std_function.h:111:11:[m[K [01;36m[Knote: [m[Kdeclaration of ‘[01m[KChinaLidar::LidarInteraction::ScanCallback[m[K’ {aka ‘[01m[Kclass std::function<std::vector<ChinaLidar::Vector2D> >[m[K’}
  111 |     class [01;36m[Kfunction[m[K;
      |           [01;36m[K^~~~~~~~[m[K
In file included from [01m[K/usr/include/c++/11/pstl/glue_algorithm_defs.h:13[m[K,
                 from [01m[K/usr/include/c++/11/algorithm:74[m[K,
                 from [01m[K/opt/ros/humble/include/rclcpp/rclcpp/executor.hpp:18[m[K,
                 from [01m[K/opt/ros/humble/include/rclcpp/rclcpp/executors/multi_threaded_executor.hpp:25[m[K,
                 from [01m[K/opt/ros/humble/include/rclcpp/rclcpp/executors.hpp:21[m[K,
                 from [01m[K/opt/ros/humble/include/rclcpp/rclcpp/rclcpp.hpp:155[m[K,
                 from [01m[K/workspaces/gh_mk2/src/china_lidar_driver/src/data_reader.cpp:1[m[K:
/usr/include/c++/11/functional: In instantiation of ‘[01m[Kstruct std::_Bind_check_arity<sensor_msgs::msg::PointCloud2_<std::allocator<void> > (DataReader::*)(), DataReader*, const std::_Placeholder<1>&>[m[K’:
[01m[K/usr/include/c++/11/functional:768:12:[m[K   required from ‘[01m[Kstruct std::_Bind_helper<false, sensor_msgs::msg::PointCloud2_<std::allocator<void> > (DataReader::*)(), DataReader*, const std::_Placeholder<1>&>[m[K’
[01m[K/usr/include/c++/11/functional:789:5:[m[K   required by substitution of ‘[01m[Ktemplate<class _Func, class ... _BoundArgs> typename std::_Bind_helper<std::__is_socketlike<_Func>::value, _Func, _BoundArgs ...>::type std::bind(_Func&&, _BoundArgs&& ...) [with _Func = sensor_msgs::msg::PointCloud2_<std::allocator<void> > (DataReader::*)(); _BoundArgs = {DataReader*, const std::_Placeholder<1>&}][m[K’
[01m[K/workspaces/gh_mk2/src/china_lidar_driver/src/data_reader.cpp:30:37:[m[K   required from here
[01m[K/usr/include/c++/11/functional:756:21:[m[K [01;31m[Kerror: [m[Kstatic assertion failed: Wrong number of arguments for pointer-to-member
  755 |       static_assert(_Varargs::[01;31m[Kvalue[m[K
      |                               [01;31m[K~~~~~[m[K
  756 | [01;31m[K                    ? sizeof...(_BoundArgs) >= _Arity::value + 1[m[K
      |                     [01;31m[K^~~~~~~~~~~~~~~~~~~~~~~~~~~~~~~~~~~~~~~~~~~~[m[K
  757 | [01;31m[K                    : sizeof...(_BoundArgs) == _Arity::value + 1[m[K,
      |                     [01;31m[K~~~~~~~~~~~~~~~~~~~~~~~~~~~~~~~~~~~~~~~~~~~~[m[K
[01m[K/usr/include/c++/11/functional:756:21:[m[K [01;36m[Knote: [m[K‘[01m[K(false ? (2 >= (((long unsigned int)std::integral_constant<long unsigned int, 0>::value) + 1)) : (2 == (((long unsigned int)std::integral_constant<long unsigned int, 0>::value) + 1)))[m[K’ evaluates to false
/usr/include/c++/11/functional: In instantiation of ‘[01m[Kstruct std::_Bind_check_arity<sensor_msgs::msg::LaserScan_<std::allocator<void> > (DataReader::*)(), DataReader*, const std::_Placeholder<1>&>[m[K’:
[01m[K/usr/include/c++/11/functional:768:12:[m[K   required from ‘[01m[Kstruct std::_Bind_helper<false, sensor_msgs::msg::LaserScan_<std::allocator<void> > (DataReader::*)(), DataReader*, const std::_Placeholder<1>&>[m[K’
[01m[K/usr/include/c++/11/functional:789:5:[m[K   required by substitution of ‘[01m[Ktemplate<class _Func, class ... _BoundArgs> typename std::_Bind_helper<std::__is_socketlike<_Func>::value, _Func, _BoundArgs ...>::type std::bind(_Func&&, _BoundArgs&& ...) [with _Func = sensor_msgs::msg::LaserScan_<std::allocator<void> > (DataReader::*)(); _BoundArgs = {DataReader*, const std::_Placeholder<1>&}][m[K’
[01m[K/workspaces/gh_mk2/src/china_lidar_driver/src/data_reader.cpp:31:37:[m[K   required from here
[01m[K/usr/include/c++/11/functional:756:21:[m[K [01;31m[Kerror: [m[Kstatic assertion failed: Wrong number of arguments for pointer-to-member
[01m[K/usr/include/c++/11/functional:756:21:[m[K [01;36m[Knote: [m[K‘[01m[K(false ? (2 >= (((long unsigned int)std::integral_constant<long unsigned int, 0>::value) + 1)) : (2 == (((long unsigned int)std::integral_constant<long unsigned int, 0>::value) + 1)))[m[K’ evaluates to false
In file included from [01m[K/usr/include/x86_64-linux-gnu/c++/11/bits/c++allocator.h:33[m[K,
                 from [01m[K/usr/include/c++/11/bits/allocator.h:46[m[K,
                 from [01m[K/usr/include/c++/11/memory:64[m[K,
                 from [01m[K/opt/ros/humble/include/rclcpp/rclcpp/rclcpp.hpp:153[m[K,
                 from [01m[K/workspaces/gh_mk2/src/china_lidar_driver/src/data_reader.cpp:1[m[K:
/usr/include/c++/11/ext/new_allocator.h: In instantiation of ‘[01m[Kvoid __gnu_cxx::new_allocator<_Tp>::construct(_Up*, _Args&& ...) [with _Up = ChinaLidar::LidarInteraction; _Args = {std::_Bind<sensor_msgs::msg::PointCloud2_<std::allocator<void> > (DataReader::*(DataReader*, std::_Placeholder<1>))()>&, std::_Bind<sensor_msgs::msg::LaserScan_<std::allocator<void> > (DataReader::*(DataReader*, std::_Placeholder<1>))()>&, const std::__cxx11::basic_string<char, std::char_traits<char>, std::allocator<char> >&, long int}; _Tp = ChinaLidar::LidarInteraction][m[K’:
[01m[K/usr/include/c++/11/bits/alloc_traits.h:516:17:[m[K   required from ‘[01m[Kstatic void std::allocator_traits<std::allocator<_Tp1> >::construct(std::allocator_traits<std::allocator<_Tp1> >::allocator_type&, _Up*, _Args&& ...) [with _Up = ChinaLidar::LidarInteraction; _Args = {std::_Bind<sensor_msgs::msg::PointCloud2_<std::allocator<void> > (DataReader::*(DataReader*, std::_Placeholder<1>))()>&, std::_Bind<sensor_msgs::msg::LaserScan_<std::allocator<void> > (DataReader::*(DataReader*, std::_Placeholder<1>))()>&, const std::__cxx11::basic_string<char, std::char_traits<char>, std::allocator<char> >&, long int}; _Tp = ChinaLidar::LidarInteraction; std::allocator_traits<std::allocator<_Tp1> >::allocator_type = std::allocator<ChinaLidar::LidarInteraction>][m[K’
[01m[K/usr/include/c++/11/bits/shared_ptr_base.h:519:39:[m[K   required from ‘[01m[Kstd::_Sp_counted_ptr_inplace<_Tp, _Alloc, _Lp>::_Sp_counted_ptr_inplace(_Alloc, _Args&& ...) [with _Args = {std::_Bind<sensor_msgs::msg::PointCloud2_<std::allocator<void> > (DataReader::*(DataReader*, std::_Placeholder<1>))()>&, std::_Bind<sensor_msgs::msg::LaserScan_<std::allocator<void> > (DataReader::*(DataReader*, std::_Placeholder<1>))()>&, const std::__cxx11::basic_string<char, std::char_traits<char>, std::allocator<char> >&, long int}; _Tp = ChinaLidar::LidarInteraction; _Alloc = std::allocator<ChinaLidar::LidarInteraction>; __gnu_cxx::_Lock_policy _Lp = __gnu_cxx::_S_atomic][m[K’
[01m[K/usr/include/c++/11/bits/shared_ptr_base.h:650:16:[m[K   required from ‘[01m[Kstd::__shared_count<_Lp>::__shared_count(_Tp*&, std::_Sp_alloc_shared_tag<_Alloc>, _Args&& ...) [with _Tp = ChinaLidar::LidarInteraction; _Alloc = std::allocator<ChinaLidar::LidarInteraction>; _Args = {std::_Bind<sensor_msgs::msg::PointCloud2_<std::allocator<void> > (DataReader::*(DataReader*, std::_Placeholder<1>))()>&, std::_Bind<sensor_msgs::msg::LaserScan_<std::allocator<void> > (DataReader::*(DataReader*, std::_Placeholder<1>))()>&, const std::__cxx11::basic_string<char, std::char_traits<char>, std::allocator<char> >&, long int}; __gnu_cxx::_Lock_policy _Lp = __gnu_cxx::_S_atomic][m[K’
[01m[K/usr/include/c++/11/bits/shared_ptr_base.h:1342:14:[m[K   required from ‘[01m[Kstd::__shared_ptr<_Tp, _Lp>::__shared_ptr(std::_Sp_alloc_shared_tag<_Tp>, _Args&& ...) [with _Alloc = std::allocator<ChinaLidar::LidarInteraction>; _Args = {std::_Bind<sensor_msgs::msg::PointCloud2_<std::allocator<void> > (DataReader::*(DataReader*, std::_Placeholder<1>))()>&, std::_Bind<sensor_msgs::msg::LaserScan_<std::allocator<void> > (DataReader::*(DataReader*, std::_Placeholder<1>))()>&, const std::__cxx11::basic_string<char, std::char_traits<char>, std::allocator<char> >&, long int}; _Tp = ChinaLidar::LidarInteraction; __gnu_cxx::_Lock_policy _Lp = __gnu_cxx::_S_atomic][m[K’
[01m[K/usr/include/c++/11/bits/shared_ptr.h:409:59:[m[K   required from ‘[01m[Kstd::shared_ptr<_Tp>::shared_ptr(std::_Sp_alloc_shared_tag<_Tp>, _Args&& ...) [with _Alloc = std::allocator<ChinaLidar::LidarInteraction>; _Args = {std::_Bind<sensor_msgs::msg::PointCloud2_<std::allocator<void> > (DataReader::*(DataReader*, std::_Placeholder<1>))()>&, std::_Bind<sensor_msgs::msg::LaserScan_<std::allocator<void> > (DataReader::*(DataReader*, std::_Placeholder<1>))()>&, const std::__cxx11::basic_string<char, std::char_traits<char>, std::allocator<char> >&, long int}; _Tp = ChinaLidar::LidarInteraction][m[K’
[01m[K/usr/include/c++/11/bits/shared_ptr.h:862:14:[m[K   required from ‘[01m[Kstd::shared_ptr<_Tp> std::allocate_shared(const _Alloc&, _Args&& ...) [with _Tp = ChinaLidar::LidarInteraction; _Alloc = std::allocator<ChinaLidar::LidarInteraction>; _Args = {std::_Bind<sensor_msgs::msg::PointCloud2_<std::allocator<void> > (DataReader::*(DataReader*, std::_Placeholder<1>))()>&, std::_Bind<sensor_msgs::msg::LaserScan_<std::allocator<void> > (DataReader::*(DataReader*, std::_Placeholder<1>))()>&, const std::__cxx11::basic_string<char, std::char_traits<char>, std::allocator<char> >&, long int}][m[K’
[01m[K/usr/include/c++/11/bits/shared_ptr.h:878:39:[m[K   required from ‘[01m[Kstd::shared_ptr<_Tp> std::make_shared(_Args&& ...) [with _Tp = ChinaLidar::LidarInteraction; _Args = {std::_Bind<sensor_msgs::msg::PointCloud2_<std::allocator<void> > (DataReader::*(DataReader*, std::_Placeholder<1>))()>&, std::_Bind<sensor_msgs::msg::LaserScan_<std::allocator<void> > (DataReader::*(DataReader*, std::_Placeholder<1>))()>&, const std::__cxx11::basic_string<char, std::char_traits<char>, std::allocator<char> >&, long int}][m[K’
[01m[K/workspaces/gh_mk2/src/china_lidar_driver/src/data_reader.cpp:32:75:[m[K   required from here
[01m[K/usr/include/c++/11/ext/new_allocator.h:162:11:[m[K [01;31m[Kerror: [m[Kno matching function for call to ‘[01m[KChinaLidar::LidarInteraction::LidarInteraction(std::_Bind<sensor_msgs::msg::PointCloud2_<std::allocator<void> > (DataReader::*(DataReader*, std::_Placeholder<1>))()>&, std::_Bind<sensor_msgs::msg::LaserScan_<std::allocator<void> > (DataReader::*(DataReader*, std::_Placeholder<1>))()>&, const std::__cxx11::basic_string<char>&, long int)[m[K’
  162 |         { [01;31m[K::new((void *)__p) _Up(std::forward<_Args>(__args)...)[m[K; }
      |           [01;31m[K^~~~~~~~~~~~~~~~~~~~~~~~~~~~~~~~~~~~~~~~~~~~~~~~~~~~~~[m[K
In file included from [01m[K/workspaces/gh_mk2/src/china_lidar_driver/src/data_reader.cpp:6[m[K:
[01m[K/workspaces/gh_mk2/src/china_lidar_driver/include/china_lidar_driver/lidar_interaction.hpp:39:5:[m[K [01;36m[Knote: [m[Kcandidate: ‘[01m[KChinaLidar::LidarInteraction::LidarInteraction(ChinaLidar::LidarInteraction::PCCallback&, ChinaLidar::LidarInteraction::ScanCallback&, const string&, uint32_t)[m[K’
   39 |     [01;36m[KLidarInteraction[m[K(PCCallback& point_cloud_cb, ScanCallback& scan_cb
      |     [01;36m[K^~~~~~~~~~~~~~~~[m[K
[01m[K/workspaces/gh_mk2/src/china_lidar_driver/include/china_lidar_driver/lidar_interaction.hpp:39:34:[m[K [01;36m[Knote: [m[K  no known conversion for argument 1 from ‘[01m[Kstd::_Bind<sensor_msgs::msg::PointCloud2_<std::allocator<void> > (DataReader::*(DataReader*, std::_Placeholder<1>))()>[m[K’ to ‘[01m[KChinaLidar::LidarInteraction::PCCallback&[m[K’ {aka ‘[01m[Kstd::function<std::vector<ChinaLidar::Point2D> >&[m[K’}
   39 |     LidarInteraction([01;36m[KPCCallback& point_cloud_cb[m[K, ScanCallback& scan_cb
      |                      [01;36m[K~~~~~~~~~~~~^~~~~~~~~~~~~~[m[K
[01m[K/workspaces/gh_mk2/src/china_lidar_driver/include/china_lidar_driver/lidar_interaction.hpp:25:7:[m[K [01;36m[Knote: [m[Kcandidate: ‘[01m[KChinaLidar::LidarInteraction::LidarInteraction(const ChinaLidar::LidarInteraction&)[m[K’
   25 | class [01;36m[KLidarInteraction[m[K
      |       [01;36m[K^~~~~~~~~~~~~~~~[m[K
[01m[K/workspaces/gh_mk2/src/china_lidar_driver/include/china_lidar_driver/lidar_interaction.hpp:25:7:[m[K [01;36m[Knote: [m[K  candidate expects 1 argument, 4 provided
gmake[2]: *** [CMakeFiles/data_reader.dir/build.make:76: CMakeFiles/data_reader.dir/src/data_reader.cpp.o] Error 1
gmake[1]: *** [CMakeFiles/Makefile2:137: CMakeFiles/data_reader.dir/all] Error 2
gmake: *** [Makefile:146: all] Error 2
