[01m[K/workspaces/gh_mk2/src/china_lidar_driver/src/data_reader.cpp:11:13:[m[K [01;31m[Kerror: [m[Ktypedef declared ‘[01m[Kauto[m[K’
   11 |     typedef [01;31m[Krclcpp[m[K::Publisher Publisher;
      |             [01;31m[K^~~~~~[m[K
[01m[K/workspaces/gh_mk2/src/china_lidar_driver/src/data_reader.cpp:12:26:[m[K [01;31m[Kerror: [m[K‘[01m[KPointCloud2[m[K’ in namespace ‘[01m[Ksensor_msgs[m[K’ does not name a type
   12 |     typedef sensor_msgs::[01;31m[KPointCloud2[m[K PC;
      |                          [01;31m[K^~~~~~~~~~~[m[K
[01m[K/workspaces/gh_mk2/src/china_lidar_driver/src/data_reader.cpp:13:26:[m[K [01;31m[Kerror: [m[K‘[01m[KLaserScan[m[K’ in namespace ‘[01m[Ksensor_msgs[m[K’ does not name a type
   13 |     typedef sensor_msgs::[01;31m[KLaserScan[m[K LS;
      |                          [01;31m[K^~~~~~~~~[m[K
[01m[K/workspaces/gh_mk2/src/china_lidar_driver/src/data_reader.cpp:29:5:[m[K [01;31m[Kerror: [m[Kinvalid template-id
   29 |     [01;31m[KPublisher[m[K<PC>::SharedPtr pointcloud_publisher;
      |     [01;31m[K^~~~~~~~~[m[K
[01m[K/workspaces/gh_mk2/src/china_lidar_driver/src/data_reader.cpp:29:15:[m[K [01;31m[Kerror: [m[K‘[01m[KPC[m[K’ was not declared in this scope
   29 |     Publisher<[01;31m[KPC[m[K>::SharedPtr pointcloud_publisher;
      |               [01;31m[K^~[m[K
[01m[K/workspaces/gh_mk2/src/china_lidar_driver/src/data_reader.cpp:29:20:[m[K [01;31m[Kerror: [m[Kexpected ‘[01m[K;[m[K’ at end of member declaration
   29 |     Publisher<PC>::[01;31m[KSharedPtr[m[K pointcloud_publisher;
      |                    [01;31m[K^~~~~~~~~[m[K
      |                             [32m[K;[m[K
[01m[K/workspaces/gh_mk2/src/china_lidar_driver/src/data_reader.cpp:29:30:[m[K [01;31m[Kerror: [m[K‘[01m[Kpointcloud_publisher[m[K’ does not name a type
   29 |     Publisher<PC>::SharedPtr [01;31m[Kpointcloud_publisher[m[K;
      |                              [01;31m[K^~~~~~~~~~~~~~~~~~~~[m[K
[01m[K/workspaces/gh_mk2/src/china_lidar_driver/src/data_reader.cpp:30:5:[m[K [01;31m[Kerror: [m[Kinvalid template-id
   30 |     [01;31m[KPublisher[m[K<LS>::SharedPtr scan_publisher;
      |     [01;31m[K^~~~~~~~~[m[K
[01m[K/workspaces/gh_mk2/src/china_lidar_driver/src/data_reader.cpp:30:15:[m[K [01;31m[Kerror: [m[K‘[01m[KLS[m[K’ was not declared in this scope
   30 |     Publisher<[01;31m[KLS[m[K>::SharedPtr scan_publisher;
      |               [01;31m[K^~[m[K
[01m[K/workspaces/gh_mk2/src/china_lidar_driver/src/data_reader.cpp:30:20:[m[K [01;31m[Kerror: [m[Kexpected ‘[01m[K;[m[K’ at end of member declaration
   30 |     Publisher<LS>::[01;31m[KSharedPtr[m[K scan_publisher;
      |                    [01;31m[K^~~~~~~~~[m[K
      |                             [32m[K;[m[K
[01m[K/workspaces/gh_mk2/src/china_lidar_driver/src/data_reader.cpp:30:30:[m[K [01;31m[Kerror: [m[K‘[01m[Kscan_publisher[m[K’ does not name a type; did you mean ‘[01m[Krcl_publisher_t[m[K’?
   30 |     Publisher<LS>::SharedPtr [01;31m[Kscan_publisher[m[K;
      |                              [01;31m[K^~~~~~~~~~~~~~[m[K
      |                              [32m[Krcl_publisher_t[m[K
[01m[K/workspaces/gh_mk2/src/china_lidar_driver/src/data_reader.cpp:35:5:[m[K [01;31m[Kerror: [m[K‘[01m[KPC[m[K’ does not name a type
   35 |     [01;31m[KPC[m[K createPointCloudMessage()
      |     [01;31m[K^~[m[K
[01m[K/workspaces/gh_mk2/src/china_lidar_driver/src/data_reader.cpp:40:5:[m[K [01;31m[Kerror: [m[K‘[01m[KLS[m[K’ does not name a type
   40 |     [01;31m[KLS[m[K createLaserScanMessage()
      |     [01;31m[K^~[m[K
In file included from [01m[K/opt/ros/humble/include/rclcpp/rclcpp/node.hpp:1321[m[K,
                 from [01m[K/opt/ros/humble/include/rclcpp/rclcpp/executors/single_threaded_executor.hpp:28[m[K,
                 from [01m[K/opt/ros/humble/include/rclcpp/rclcpp/executors.hpp:22[m[K,
                 from [01m[K/opt/ros/humble/include/rclcpp/rclcpp/rclcpp.hpp:155[m[K,
                 from [01m[K/workspaces/gh_mk2/src/china_lidar_driver/src/data_reader.cpp:1[m[K:
/opt/ros/humble/include/rclcpp/rclcpp/node_impl.hpp: In instantiation of ‘[01m[Kauto rclcpp::Node::declare_parameter(const string&, const ParameterT&, const ParameterDescriptor&, bool) [with ParameterT = unsigned int; std::string = std::__cxx11::basic_string<char>; rcl_interfaces::msg::ParameterDescriptor = rcl_interfaces::msg::ParameterDescriptor_<std::allocator<void> >][m[K’:
[01m[K/workspaces/gh_mk2/src/china_lidar_driver/src/data_reader.cpp:20:36:[m[K   required from here
[01m[K/opt/ros/humble/include/rclcpp/rclcpp/node_impl.hpp:204:15:[m[K [01;31m[Kerror: [m[Kcall of overloaded ‘[01m[KParameterValue(const unsigned int&)[m[K’ is ambiguous
  204 |       rclcpp::[01;31m[KParameterValue(default_value)[m[K,
      |               [01;31m[K^~~~~~~~~~~~~~~~~~~~~~~~~~~~~[m[K
In file included from [01m[K/opt/ros/humble/include/rclcpp/rclcpp/parameter.hpp:26[m[K,
                 from [01m[K/opt/ros/humble/include/rclcpp/rclcpp/node_interfaces/node_parameters_interface.hpp:28[m[K,
                 from [01m[K/opt/ros/humble/include/rclcpp/rclcpp/node.hpp:54[m[K,
                 from [01m[K/opt/ros/humble/include/rclcpp/rclcpp/executors/single_threaded_executor.hpp:28[m[K,
                 from [01m[K/opt/ros/humble/include/rclcpp/rclcpp/executors.hpp:22[m[K,
                 from [01m[K/opt/ros/humble/include/rclcpp/rclcpp/rclcpp.hpp:155[m[K,
                 from [01m[K/workspaces/gh_mk2/src/china_lidar_driver/src/data_reader.cpp:1[m[K:
[01m[K/opt/ros/humble/include/rclcpp/rclcpp/parameter_value.hpp:94:12:[m[K [01;36m[Knote: [m[Kcandidate: ‘[01m[Krclcpp::ParameterValue::ParameterValue(double)[m[K’
   94 |   explicit [01;36m[KParameterValue[m[K(const double double_value);
      |            [01;36m[K^~~~~~~~~~~~~~[m[K
[01m[K/opt/ros/humble/include/rclcpp/rclcpp/parameter_value.hpp:91:12:[m[K [01;36m[Knote: [m[Kcandidate: ‘[01m[Krclcpp::ParameterValue::ParameterValue(float)[m[K’
   91 |   explicit [01;36m[KParameterValue[m[K(const float double_value);
      |            [01;36m[K^~~~~~~~~~~~~~[m[K
[01m[K/opt/ros/humble/include/rclcpp/rclcpp/parameter_value.hpp:88:12:[m[K [01;36m[Knote: [m[Kcandidate: ‘[01m[Krclcpp::ParameterValue::ParameterValue(int64_t)[m[K’
   88 |   explicit [01;36m[KParameterValue[m[K(const int64_t int_value);
      |            [01;36m[K^~~~~~~~~~~~~~[m[K
[01m[K/opt/ros/humble/include/rclcpp/rclcpp/parameter_value.hpp:85:12:[m[K [01;36m[Knote: [m[Kcandidate: ‘[01m[Krclcpp::ParameterValue::ParameterValue(int)[m[K’
   85 |   explicit [01;36m[KParameterValue[m[K(const int int_value);
      |            [01;36m[K^~~~~~~~~~~~~~[m[K
[01m[K/opt/ros/humble/include/rclcpp/rclcpp/parameter_value.hpp:82:12:[m[K [01;36m[Knote: [m[Kcandidate: ‘[01m[Krclcpp::ParameterValue::ParameterValue(bool)[m[K’
   82 |   explicit [01;36m[KParameterValue[m[K(const bool bool_value);
      |            [01;36m[K^~~~~~~~~~~~~~[m[K
[01m[K/opt/ros/humble/include/rclcpp/rclcpp/parameter_value.hpp:71:7:[m[K [01;36m[Knote: [m[Kcandidate: ‘[01m[Krclcpp::ParameterValue::ParameterValue(const rclcpp::ParameterValue&)[m[K’
   71 | class [01;36m[KParameterValue[m[K
      |       [01;36m[K^~~~~~~~~~~~~~[m[K
[01m[K/opt/ros/humble/include/rclcpp/rclcpp/parameter_value.hpp:71:7:[m[K [01;36m[Knote: [m[Kcandidate: ‘[01m[Krclcpp::ParameterValue::ParameterValue(rclcpp::ParameterValue&&)[m[K’
[01m[K/workspaces/gh_mk2/src/china_lidar_driver/src/data_reader.cpp:[m[K In constructor ‘[01m[KDataReader::DataReader()[m[K’:
[01m[K/workspaces/gh_mk2/src/china_lidar_driver/src/data_reader.cpp:24:9:[m[K [01;31m[Kerror: [m[K‘[01m[Kpointcloud_publisher[m[K’ was not declared in this scope
   24 |         [01;31m[Kpointcloud_publisher[m[K = create_publisher<PC>("cloud");
      |         [01;31m[K^~~~~~~~~~~~~~~~~~~~[m[K
[01m[K/workspaces/gh_mk2/src/china_lidar_driver/src/data_reader.cpp:24:49:[m[K [01;31m[Kerror: [m[K‘[01m[KPC[m[K’ was not declared in this scope
   24 |         pointcloud_publisher = create_publisher<[01;31m[KPC[m[K>("cloud");
      |                                                 [01;31m[K^~[m[K
[01m[K/workspaces/gh_mk2/src/china_lidar_driver/src/data_reader.cpp:24:52:[m[K [01;31m[Kerror: [m[Kno matching function for call to ‘[01m[KDataReader::create_publisher<<expression error> >(const char [6])[m[K’
   24 |         pointcloud_publisher = [01;31m[Kcreate_publisher<PC>("cloud")[m[K;
      |                                [01;31m[K~~~~~~~~~~~~~~~~~~~~^~~~~~~~~[m[K
In file included from [01m[K/opt/ros/humble/include/rclcpp/rclcpp/executors/single_threaded_executor.hpp:28[m[K,
                 from [01m[K/opt/ros/humble/include/rclcpp/rclcpp/executors.hpp:22[m[K,
                 from [01m[K/opt/ros/humble/include/rclcpp/rclcpp/rclcpp.hpp:155[m[K,
                 from [01m[K/workspaces/gh_mk2/src/china_lidar_driver/src/data_reader.cpp:1[m[K:
[01m[K/opt/ros/humble/include/rclcpp/rclcpp/node.hpp:195:3:[m[K [01;36m[Knote: [m[Kcandidate: ‘[01m[Ktemplate<class MessageT, class AllocatorT, class PublisherT> std::shared_ptr<PublisherT> rclcpp::Node::create_publisher(const string&, const rclcpp::QoS&, const rclcpp::PublisherOptionsWithAllocator<AllocatorT>&)[m[K’
  195 |   [01;36m[Kcreate_publisher[m[K(
      |   [01;36m[K^~~~~~~~~~~~~~~~[m[K
[01m[K/opt/ros/humble/include/rclcpp/rclcpp/node.hpp:195:3:[m[K [01;36m[Knote: [m[K  template argument deduction/substitution failed:
[01m[K/workspaces/gh_mk2/src/china_lidar_driver/src/data_reader.cpp:24:52:[m[K [01;31m[Kerror: [m[Ktemplate argument 1 is invalid
   24 |         pointcloud_publisher = [01;31m[Kcreate_publisher<PC>("cloud")[m[K;
      |                                [01;31m[K~~~~~~~~~~~~~~~~~~~~^~~~~~~~~[m[K
[01m[K/workspaces/gh_mk2/src/china_lidar_driver/src/data_reader.cpp:25:9:[m[K [01;31m[Kerror: [m[K‘[01m[Kscan_publisher[m[K’ was not declared in this scope; did you mean ‘[01m[Kcreate_publisher[m[K’?
   25 |         [01;31m[Kscan_publisher[m[K = create_publisher<LS>("scan");
      |         [01;31m[K^~~~~~~~~~~~~~[m[K
      |         [32m[Kcreate_publisher[m[K
[01m[K/workspaces/gh_mk2/src/china_lidar_driver/src/data_reader.cpp:25:43:[m[K [01;31m[Kerror: [m[K‘[01m[KLS[m[K’ was not declared in this scope
   25 |         scan_publisher = create_publisher<[01;31m[KLS[m[K>("scan");
      |                                           [01;31m[K^~[m[K
[01m[K/workspaces/gh_mk2/src/china_lidar_driver/src/data_reader.cpp:25:46:[m[K [01;31m[Kerror: [m[Kno matching function for call to ‘[01m[KDataReader::create_publisher<<expression error> >(const char [5])[m[K’
   25 |         scan_publisher = [01;31m[Kcreate_publisher<LS>("scan")[m[K;
      |                          [01;31m[K~~~~~~~~~~~~~~~~~~~~^~~~~~~~[m[K
In file included from [01m[K/opt/ros/humble/include/rclcpp/rclcpp/executors/single_threaded_executor.hpp:28[m[K,
                 from [01m[K/opt/ros/humble/include/rclcpp/rclcpp/executors.hpp:22[m[K,
                 from [01m[K/opt/ros/humble/include/rclcpp/rclcpp/rclcpp.hpp:155[m[K,
                 from [01m[K/workspaces/gh_mk2/src/china_lidar_driver/src/data_reader.cpp:1[m[K:
[01m[K/opt/ros/humble/include/rclcpp/rclcpp/node.hpp:195:3:[m[K [01;36m[Knote: [m[Kcandidate: ‘[01m[Ktemplate<class MessageT, class AllocatorT, class PublisherT> std::shared_ptr<PublisherT> rclcpp::Node::create_publisher(const string&, const rclcpp::QoS&, const rclcpp::PublisherOptionsWithAllocator<AllocatorT>&)[m[K’
  195 |   [01;36m[Kcreate_publisher[m[K(
      |   [01;36m[K^~~~~~~~~~~~~~~~[m[K
[01m[K/opt/ros/humble/include/rclcpp/rclcpp/node.hpp:195:3:[m[K [01;36m[Knote: [m[K  template argument deduction/substitution failed:
[01m[K/workspaces/gh_mk2/src/china_lidar_driver/src/data_reader.cpp:25:46:[m[K [01;31m[Kerror: [m[Ktemplate argument 1 is invalid
   25 |         scan_publisher = [01;31m[Kcreate_publisher<LS>("scan")[m[K;
      |                          [01;31m[K~~~~~~~~~~~~~~~~~~~~^~~~~~~~[m[K
gmake[2]: *** [CMakeFiles/data_reader.dir/build.make:76: CMakeFiles/data_reader.dir/src/data_reader.cpp.o] Error 1
gmake[1]: *** [CMakeFiles/Makefile2:137: CMakeFiles/data_reader.dir/all] Error 2
gmake: *** [Makefile:146: all] Error 2
