[0.012s] Invoking command in '/workspaces/gh_mk2/build/china_lidar_driver': CMAKE_PREFIX_PATH=/opt/ros/humble /usr/bin/cmake /workspaces/gh_mk2/src/china_lidar_driver -DCMAKE_BUILD_TYPE=Debug -DCMAKE_INSTALL_PREFIX=/workspaces/gh_mk2/install/china_lidar_driver
[0.028s] -- Found ament_cmake: 1.3.5 (/opt/ros/humble/share/ament_cmake/cmake)
[0.162s] -- Found rclcpp: 16.0.5 (/opt/ros/humble/share/rclcpp/cmake)
[0.197s] -- Found rosidl_generator_c: 3.1.5 (/opt/ros/humble/share/rosidl_generator_c/cmake)
[0.200s] -- Found rosidl_adapter: 3.1.5 (/opt/ros/humble/share/rosidl_adapter/cmake)
[0.207s] -- Found rosidl_generator_cpp: 3.1.5 (/opt/ros/humble/share/rosidl_generator_cpp/cmake)
[0.223s] -- Using all available rosidl_typesupport_c: rosidl_typesupport_fastrtps_c;rosidl_typesupport_introspection_c
[0.240s] -- Using all available rosidl_typesupport_cpp: rosidl_typesupport_fastrtps_cpp;rosidl_typesupport_introspection_cpp
[0.301s] -- Found rmw_implementation_cmake: 6.1.1 (/opt/ros/humble/share/rmw_implementation_cmake/cmake)
[0.303s] -- Found rmw_cyclonedds_cpp: 1.3.4 (/opt/ros/humble/share/rmw_cyclonedds_cpp/cmake)
[0.336s] -- Using RMW implementation 'rmw_cyclonedds_cpp' as default
[0.489s] -- Found sensor_msgs: 4.2.3 (/opt/ros/humble/share/sensor_msgs/cmake)
[0.690s] -- Configuring done
[0.699s] -- Generating done
[0.700s] -- Build files have been written to: /workspaces/gh_mk2/build/china_lidar_driver
[0.704s] Invoked command in '/workspaces/gh_mk2/build/china_lidar_driver' returned '0': CMAKE_PREFIX_PATH=/opt/ros/humble /usr/bin/cmake /workspaces/gh_mk2/src/china_lidar_driver -DCMAKE_BUILD_TYPE=Debug -DCMAKE_INSTALL_PREFIX=/workspaces/gh_mk2/install/china_lidar_driver
[0.705s] Invoking command in '/workspaces/gh_mk2/build/china_lidar_driver': CMAKE_PREFIX_PATH=/opt/ros/humble /usr/bin/cmake --build /workspaces/gh_mk2/build/china_lidar_driver -- -j12 -l12
[0.736s] [35m[1mConsolidate compiler generated dependencies of target data_reader[0m
[0.749s] [ 33%] [32mBuilding CXX object CMakeFiles/data_reader.dir/src/data_reader.cpp.o[0m
[0.749s] [ 66%] [32mBuilding CXX object CMakeFiles/data_reader.dir/src/lidar_interaction.cpp.o[0m
[5.592s] [100%] [32m[1mLinking CXX executable data_reader[0m
[5.770s] [100%] Built target data_reader
[5.781s] Invoked command in '/workspaces/gh_mk2/build/china_lidar_driver' returned '0': CMAKE_PREFIX_PATH=/opt/ros/humble /usr/bin/cmake --build /workspaces/gh_mk2/build/china_lidar_driver -- -j12 -l12
[5.805s] Invoking command in '/workspaces/gh_mk2/build/china_lidar_driver': CMAKE_PREFIX_PATH=/opt/ros/humble /usr/bin/cmake --install /workspaces/gh_mk2/build/china_lidar_driver
[5.811s] -- Install configuration: "Debug"
[5.811s] -- Installing: /workspaces/gh_mk2/install/china_lidar_driver/lib/china_lidar_driver/data_reader
[5.815s] -- Set runtime path of "/workspaces/gh_mk2/install/china_lidar_driver/lib/china_lidar_driver/data_reader" to ""
[5.815s] -- Up-to-date: /workspaces/gh_mk2/install/china_lidar_driver/share/ament_index/resource_index/package_run_dependencies/china_lidar_driver
[5.816s] -- Up-to-date: /workspaces/gh_mk2/install/china_lidar_driver/share/ament_index/resource_index/parent_prefix_path/china_lidar_driver
[5.816s] -- Up-to-date: /workspaces/gh_mk2/install/china_lidar_driver/share/china_lidar_driver/environment/ament_prefix_path.sh
[5.816s] -- Installing: /workspaces/gh_mk2/install/china_lidar_driver/share/china_lidar_driver/environment/ament_prefix_path.dsv
[5.816s] -- Up-to-date: /workspaces/gh_mk2/install/china_lidar_driver/share/china_lidar_driver/environment/path.sh
[5.816s] -- Installing: /workspaces/gh_mk2/install/china_lidar_driver/share/china_lidar_driver/environment/path.dsv
[5.816s] -- Up-to-date: /workspaces/gh_mk2/install/china_lidar_driver/share/china_lidar_driver/local_setup.bash
[5.816s] -- Up-to-date: /workspaces/gh_mk2/install/china_lidar_driver/share/china_lidar_driver/local_setup.sh
[5.816s] -- Up-to-date: /workspaces/gh_mk2/install/china_lidar_driver/share/china_lidar_driver/local_setup.zsh
[5.816s] -- Installing: /workspaces/gh_mk2/install/china_lidar_driver/share/china_lidar_driver/local_setup.dsv
[5.816s] -- Installing: /workspaces/gh_mk2/install/china_lidar_driver/share/china_lidar_driver/package.dsv
[5.816s] -- Up-to-date: /workspaces/gh_mk2/install/china_lidar_driver/share/ament_index/resource_index/packages/china_lidar_driver
[5.816s] -- Up-to-date: /workspaces/gh_mk2/install/china_lidar_driver/share/china_lidar_driver/cmake/china_lidar_driverConfig.cmake
[5.816s] -- Up-to-date: /workspaces/gh_mk2/install/china_lidar_driver/share/china_lidar_driver/cmake/china_lidar_driverConfig-version.cmake
[5.816s] -- Up-to-date: /workspaces/gh_mk2/install/china_lidar_driver/share/china_lidar_driver/package.xml
[5.818s] Invoked command in '/workspaces/gh_mk2/build/china_lidar_driver' returned '0': CMAKE_PREFIX_PATH=/opt/ros/humble /usr/bin/cmake --install /workspaces/gh_mk2/build/china_lidar_driver
