[0.011s] Invoking command in '/workspaces/gh_mk2/build/china_lidar_driver': CMAKE_PREFIX_PATH=/opt/ros/humble /usr/bin/cmake --build /workspaces/gh_mk2/build/china_lidar_driver -- -j12 -l12
[0.034s] -- Found ament_cmake: 1.3.5 (/opt/ros/humble/share/ament_cmake/cmake)
[0.138s] -- Found rclcpp: 16.0.5 (/opt/ros/humble/share/rclcpp/cmake)
[0.165s] -- Found rosidl_generator_c: 3.1.5 (/opt/ros/humble/share/rosidl_generator_c/cmake)
[0.167s] -- Found rosidl_adapter: 3.1.5 (/opt/ros/humble/share/rosidl_adapter/cmake)
[0.175s] -- Found rosidl_generator_cpp: 3.1.5 (/opt/ros/humble/share/rosidl_generator_cpp/cmake)
[0.190s] -- Using all available rosidl_typesupport_c: rosidl_typesupport_fastrtps_c;rosidl_typesupport_introspection_c
[0.209s] -- Using all available rosidl_typesupport_cpp: rosidl_typesupport_fastrtps_cpp;rosidl_typesupport_introspection_cpp
[0.260s] -- Found rmw_implementation_cmake: 6.1.1 (/opt/ros/humble/share/rmw_implementation_cmake/cmake)
[0.261s] -- Found rmw_cyclonedds_cpp: 1.3.4 (/opt/ros/humble/share/rmw_cyclonedds_cpp/cmake)
[0.286s] -- Using RMW implementation 'rmw_cyclonedds_cpp' as default
[0.427s] -- Found sensor_msgs: 4.2.3 (/opt/ros/humble/share/sensor_msgs/cmake)
[0.612s] -- Configuring done
[0.623s] -- Generating done
[0.624s] -- Build files have been written to: /workspaces/gh_mk2/build/china_lidar_driver
[0.662s] [ 50%] [32mBuilding CXX object CMakeFiles/data_reader.dir/src/data_reader.cpp.o[0m
[0.833s] [01m[K/workspaces/gh_mk2/src/china_lidar_driver/src/data_reader.cpp:3:10:[m[K [01;31m[Kfatal error: [m[Ksensor_msgs/LaserScan.h: No such file or directory
[0.833s]     3 | #include [01;31m[K"sensor_msgs/LaserScan.h"[m[K
[0.833s]       |          [01;31m[K^~~~~~~~~~~~~~~~~~~~~~~~~[m[K
[0.833s] compilation terminated.
[0.842s] gmake[2]: *** [CMakeFiles/data_reader.dir/build.make:76: CMakeFiles/data_reader.dir/src/data_reader.cpp.o] Error 1
[0.842s] gmake[1]: *** [CMakeFiles/Makefile2:137: CMakeFiles/data_reader.dir/all] Error 2
[0.842s] gmake: *** [Makefile:146: all] Error 2
[0.844s] Invoked command in '/workspaces/gh_mk2/build/china_lidar_driver' returned '2': CMAKE_PREFIX_PATH=/opt/ros/humble /usr/bin/cmake --build /workspaces/gh_mk2/build/china_lidar_driver -- -j12 -l12
