[0.026s] Invoking command in '/workspaces/gh_mk2/build/china_lidar_driver': CMAKE_PREFIX_PATH=${CMAKE_PREFIX_PATH}:/opt/ros/humble /usr/bin/cmake --build /workspaces/gh_mk2/build/china_lidar_driver -- -j12 -l12
[0.080s] [ 33%] [32mBuilding CXX object CMakeFiles/data_reader.dir/src/data_reader.cpp.o[0m
[7.071s] [ 66%] [32m[1mLinking CXX executable data_reader[0m
[7.524s] [100%] Built target data_reader
[7.536s] Invoked command in '/workspaces/gh_mk2/build/china_lidar_driver' returned '0': CMAKE_PREFIX_PATH=${CMAKE_PREFIX_PATH}:/opt/ros/humble /usr/bin/cmake --build /workspaces/gh_mk2/build/china_lidar_driver -- -j12 -l12
[7.584s] Invoking command in '/workspaces/gh_mk2/build/china_lidar_driver': CMAKE_PREFIX_PATH=${CMAKE_PREFIX_PATH}:/opt/ros/humble /usr/bin/cmake --install /workspaces/gh_mk2/build/china_lidar_driver
[7.593s] -- Install configuration: "Debug"
[7.595s] -- Installing: /workspaces/gh_mk2/install/china_lidar_driver/lib/china_lidar_driver/data_reader
[7.601s] -- Set runtime path of "/workspaces/gh_mk2/install/china_lidar_driver/lib/china_lidar_driver/data_reader" to ""
[7.601s] -- Up-to-date: /workspaces/gh_mk2/install/china_lidar_driver/share/china_lidar_driver//launch
[7.601s] -- Up-to-date: /workspaces/gh_mk2/install/china_lidar_driver/share/china_lidar_driver//launch/lidar_scan.launch.py
[7.601s] -- Up-to-date: /workspaces/gh_mk2/install/china_lidar_driver/share/china_lidar_driver//launch/lidar_view.launch.py
[7.601s] -- Up-to-date: /workspaces/gh_mk2/install/china_lidar_driver/share/china_lidar_driver//rviz
[7.601s] -- Up-to-date: /workspaces/gh_mk2/install/china_lidar_driver/share/china_lidar_driver//rviz/china_lidar_rviz_config.rviz
[7.601s] -- Up-to-date: /workspaces/gh_mk2/install/china_lidar_driver/share/china_lidar_driver//rviz/view.rviz
[7.601s] -- Up-to-date: /workspaces/gh_mk2/install/china_lidar_driver/share/ament_index/resource_index/package_run_dependencies/china_lidar_driver
[7.602s] -- Up-to-date: /workspaces/gh_mk2/install/china_lidar_driver/share/ament_index/resource_index/parent_prefix_path/china_lidar_driver
[7.602s] -- Up-to-date: /workspaces/gh_mk2/install/china_lidar_driver/share/china_lidar_driver/environment/ament_prefix_path.sh
[7.602s] -- Up-to-date: /workspaces/gh_mk2/install/china_lidar_driver/share/china_lidar_driver/environment/ament_prefix_path.dsv
[7.602s] -- Up-to-date: /workspaces/gh_mk2/install/china_lidar_driver/share/china_lidar_driver/environment/path.sh
[7.602s] -- Up-to-date: /workspaces/gh_mk2/install/china_lidar_driver/share/china_lidar_driver/environment/path.dsv
[7.602s] -- Up-to-date: /workspaces/gh_mk2/install/china_lidar_driver/share/china_lidar_driver/local_setup.bash
[7.602s] -- Up-to-date: /workspaces/gh_mk2/install/china_lidar_driver/share/china_lidar_driver/local_setup.sh
[7.602s] -- Up-to-date: /workspaces/gh_mk2/install/china_lidar_driver/share/china_lidar_driver/local_setup.zsh
[7.602s] -- Up-to-date: /workspaces/gh_mk2/install/china_lidar_driver/share/china_lidar_driver/local_setup.dsv
[7.602s] -- Installing: /workspaces/gh_mk2/install/china_lidar_driver/share/china_lidar_driver/package.dsv
[7.602s] -- Up-to-date: /workspaces/gh_mk2/install/china_lidar_driver/share/ament_index/resource_index/packages/china_lidar_driver
[7.602s] -- Up-to-date: /workspaces/gh_mk2/install/china_lidar_driver/share/china_lidar_driver/cmake/china_lidar_driverConfig.cmake
[7.602s] -- Up-to-date: /workspaces/gh_mk2/install/china_lidar_driver/share/china_lidar_driver/cmake/china_lidar_driverConfig-version.cmake
[7.602s] -- Up-to-date: /workspaces/gh_mk2/install/china_lidar_driver/share/china_lidar_driver/package.xml
[7.606s] Invoked command in '/workspaces/gh_mk2/build/china_lidar_driver' returned '0': CMAKE_PREFIX_PATH=${CMAKE_PREFIX_PATH}:/opt/ros/humble /usr/bin/cmake --install /workspaces/gh_mk2/build/china_lidar_driver
