[0.019s] Invoking command in '/workspaces/gh_mk2/build/china_lidar_driver': CMAKE_PREFIX_PATH=/opt/ros/humble /usr/bin/cmake --build /workspaces/gh_mk2/build/china_lidar_driver -- -j12 -l12
[0.066s] [35m[1mConsolidate compiler generated dependencies of target data_reader[0m
[0.088s] [ 50%] [32mBuilding CXX object CMakeFiles/data_reader.dir/src/data_reader.cpp.o[0m
[2.617s] In file included from [01m[K/opt/ros/humble/include/rclcpp/rclcpp/node.hpp:1321[m[K,
[2.618s]                  from [01m[K/opt/ros/humble/include/rclcpp/rclcpp/executors/single_threaded_executor.hpp:28[m[K,
[2.618s]                  from [01m[K/opt/ros/humble/include/rclcpp/rclcpp/executors.hpp:22[m[K,
[2.618s]                  from [01m[K/opt/ros/humble/include/rclcpp/rclcpp/rclcpp.hpp:155[m[K,
[2.618s]                  from [01m[K/workspaces/gh_mk2/src/china_lidar_driver/src/data_reader.cpp:1[m[K:
[2.618s] /opt/ros/humble/include/rclcpp/rclcpp/node_impl.hpp: In instantiation of ‘[01m[Kauto rclcpp::Node::declare_parameter(const string&, const ParameterT&, const ParameterDescriptor&, bool) [with ParameterT = unsigned int; std::string = std::__cxx11::basic_string<char>; rcl_interfaces::msg::ParameterDescriptor = rcl_interfaces::msg::ParameterDescriptor_<std::allocator<void> >][m[K’:
[2.618s] [01m[K/workspaces/gh_mk2/src/china_lidar_driver/src/data_reader.cpp:19:36:[m[K   required from here
[2.618s] [01m[K/opt/ros/humble/include/rclcpp/rclcpp/node_impl.hpp:204:15:[m[K [01;31m[Kerror: [m[Kcall of overloaded ‘[01m[KParameterValue(const unsigned int&)[m[K’ is ambiguous
[2.618s]   204 |       rclcpp::[01;31m[KParameterValue(default_value)[m[K,
[2.618s]       |               [01;31m[K^~~~~~~~~~~~~~~~~~~~~~~~~~~~~[m[K
[2.618s] In file included from [01m[K/opt/ros/humble/include/rclcpp/rclcpp/parameter.hpp:26[m[K,
[2.619s]                  from [01m[K/opt/ros/humble/include/rclcpp/rclcpp/node_interfaces/node_parameters_interface.hpp:28[m[K,
[2.619s]                  from [01m[K/opt/ros/humble/include/rclcpp/rclcpp/node.hpp:54[m[K,
[2.619s]                  from [01m[K/opt/ros/humble/include/rclcpp/rclcpp/executors/single_threaded_executor.hpp:28[m[K,
[2.619s]                  from [01m[K/opt/ros/humble/include/rclcpp/rclcpp/executors.hpp:22[m[K,
[2.619s]                  from [01m[K/opt/ros/humble/include/rclcpp/rclcpp/rclcpp.hpp:155[m[K,
[2.619s]                  from [01m[K/workspaces/gh_mk2/src/china_lidar_driver/src/data_reader.cpp:1[m[K:
[2.619s] [01m[K/opt/ros/humble/include/rclcpp/rclcpp/parameter_value.hpp:94:12:[m[K [01;36m[Knote: [m[Kcandidate: ‘[01m[Krclcpp::ParameterValue::ParameterValue(double)[m[K’
[2.619s]    94 |   explicit [01;36m[KParameterValue[m[K(const double double_value);
[2.619s]       |            [01;36m[K^~~~~~~~~~~~~~[m[K
[2.619s] [01m[K/opt/ros/humble/include/rclcpp/rclcpp/parameter_value.hpp:91:12:[m[K [01;36m[Knote: [m[Kcandidate: ‘[01m[Krclcpp::ParameterValue::ParameterValue(float)[m[K’
[2.619s]    91 |   explicit [01;36m[KParameterValue[m[K(const float double_value);
[2.619s]       |            [01;36m[K^~~~~~~~~~~~~~[m[K
[2.620s] [01m[K/opt/ros/humble/include/rclcpp/rclcpp/parameter_value.hpp:88:12:[m[K [01;36m[Knote: [m[Kcandidate: ‘[01m[Krclcpp::ParameterValue::ParameterValue(int64_t)[m[K’
[2.620s]    88 |   explicit [01;36m[KParameterValue[m[K(const int64_t int_value);
[2.620s]       |            [01;36m[K^~~~~~~~~~~~~~[m[K
[2.620s] [01m[K/opt/ros/humble/include/rclcpp/rclcpp/parameter_value.hpp:85:12:[m[K [01;36m[Knote: [m[Kcandidate: ‘[01m[Krclcpp::ParameterValue::ParameterValue(int)[m[K’
[2.620s]    85 |   explicit [01;36m[KParameterValue[m[K(const int int_value);
[2.620s]       |            [01;36m[K^~~~~~~~~~~~~~[m[K
[2.620s] [01m[K/opt/ros/humble/include/rclcpp/rclcpp/parameter_value.hpp:82:12:[m[K [01;36m[Knote: [m[Kcandidate: ‘[01m[Krclcpp::ParameterValue::ParameterValue(bool)[m[K’
[2.620s]    82 |   explicit [01;36m[KParameterValue[m[K(const bool bool_value);
[2.620s]       |            [01;36m[K^~~~~~~~~~~~~~[m[K
[2.620s] [01m[K/opt/ros/humble/include/rclcpp/rclcpp/parameter_value.hpp:71:7:[m[K [01;36m[Knote: [m[Kcandidate: ‘[01m[Krclcpp::ParameterValue::ParameterValue(const rclcpp::ParameterValue&)[m[K’
[2.620s]    71 | class [01;36m[KParameterValue[m[K
[2.620s]       |       [01;36m[K^~~~~~~~~~~~~~[m[K
[2.620s] [01m[K/opt/ros/humble/include/rclcpp/rclcpp/parameter_value.hpp:71:7:[m[K [01;36m[Knote: [m[Kcandidate: ‘[01m[Krclcpp::ParameterValue::ParameterValue(rclcpp::ParameterValue&&)[m[K’
[3.252s] gmake[2]: *** [CMakeFiles/data_reader.dir/build.make:76: CMakeFiles/data_reader.dir/src/data_reader.cpp.o] Error 1
[3.252s] gmake[1]: *** [CMakeFiles/Makefile2:137: CMakeFiles/data_reader.dir/all] Error 2
[3.252s] gmake: *** [Makefile:146: all] Error 2
[3.254s] Invoked command in '/workspaces/gh_mk2/build/china_lidar_driver' returned '2': CMAKE_PREFIX_PATH=/opt/ros/humble /usr/bin/cmake --build /workspaces/gh_mk2/build/china_lidar_driver -- -j12 -l12
