[0.000000] (-) TimerEvent: {}
[0.000491] (china_lidar_driver) JobQueued: {'identifier': 'china_lidar_driver', 'dependencies': OrderedDict()}
[0.000564] (china_lidar_driver) JobStarted: {'identifier': 'china_lidar_driver'}
[0.015028] (china_lidar_driver) JobProgress: {'identifier': 'china_lidar_driver', 'progress': 'cmake'}
[0.015559] (china_lidar_driver) JobProgress: {'identifier': 'china_lidar_driver', 'progress': 'build'}
[0.016359] (china_lidar_driver) Command: {'cmd': ['/usr/bin/cmake', '--build', '/workspaces/gh_mk2/build/china_lidar_driver', '--', '-j12', '-l12'], 'cwd': '/workspaces/gh_mk2/build/china_lidar_driver', 'env': OrderedDict([('HOSTNAME', 'dd3f5c63d6c1'), ('GIT_ASKPASS', '/vscode/vscode-server/bin/linux-x64/6c3e3dba23e8fadc360aed75ce363ba185c49794/extensions/git/dist/askpass.sh'), ('SHLVL', '1'), ('LD_LIBRARY_PATH', '/usr/lib/x86_64-linux-gnu/gazebo-11/plugins:/opt/ros/humble/opt/rviz_ogre_vendor/lib:/opt/ros/humble/lib/x86_64-linux-gnu:/opt/ros/humble/lib'), ('BROWSER', '/vscode/vscode-server/bin/linux-x64/6c3e3dba23e8fadc360aed75ce363ba185c49794/bin/helpers/browser.sh'), ('HOME', '/root'), ('TERM_PROGRAM_VERSION', '1.81.1'), ('VSCODE_IPC_HOOK_CLI', '/tmp/vscode-ipc-b4b9891a-ed56-48cf-87e7-22cfe9c5104b.sock'), ('ROS_PYTHON_VERSION', '3'), ('VSCODE_GIT_ASKPASS_MAIN', '/vscode/vscode-server/bin/linux-x64/6c3e3dba23e8fadc360aed75ce363ba185c49794/extensions/git/dist/askpass-main.js'), ('VSCODE_GIT_ASKPASS_NODE', '/vscode/vscode-server/bin/linux-x64/6c3e3dba23e8fadc360aed75ce363ba185c49794/node'), ('COLORTERM', 'truecolor'), ('REMOTE_CONTAINERS', 'true'), ('DEBUGINFOD_URLS', ''), ('COLCON_PREFIX_PATH', '/workspaces/gh_mk2/install'), ('ROS_DISTRO', 'humble'), ('REMOTE_CONTAINERS_IPC', '/tmp/vscode-remote-containers-ipc-04f38132-6b2b-4689-9038-8fe8f059f9bf.sock'), ('_', '/usr/bin/colcon'), ('ROS_VERSION', '2'), ('TERM', 'xterm-256color'), ('ROS_LOCALHOST_ONLY', '1'), ('PATH', '/vscode/vscode-server/bin/linux-x64/6c3e3dba23e8fadc360aed75ce363ba185c49794/bin/remote-cli:/opt/ros/humble/bin:/usr/local/sbin:/usr/local/bin:/usr/sbin:/usr/bin:/sbin:/bin'), ('REMOTE_CONTAINERS_SOCKETS', '["/tmp/vscode-ssh-auth-04f38132-6b2b-4689-9038-8fe8f059f9bf.sock","/tmp/.X11-unix/X0","/root/.gnupg/S.gpg-agent"]'), ('DISPLAY', ':1'), ('LANG', 'C.UTF-8'), ('RMW_IMPLEMENTATION', 'rmw_cyclonedds_cpp'), ('LS_COLORS', ''), ('VSCODE_GIT_IPC_HANDLE', '/tmp/vscode-git-97e2ea5ab1.sock'), ('TERM_PROGRAM', 'vscode'), ('SSH_AUTH_SOCK', '/tmp/vscode-ssh-auth-04f38132-6b2b-4689-9038-8fe8f059f9bf.sock'), ('ROS_DOMAIN_ID', '42'), ('AMENT_PREFIX_PATH', '/workspaces/gh_mk2/install/china_lidar_driver:/opt/ros/humble'), ('REMOTE_CONTAINERS_DISPLAY_SOCK', '/tmp/.X11-unix/X0'), ('SHELL', '/bin/bash'), ('VSCODE_GIT_ASKPASS_EXTRA_ARGS', ''), ('PWD', '/workspaces/gh_mk2/build/china_lidar_driver'), ('LC_ALL', 'C.UTF-8'), ('PYTHONPATH', '/opt/ros/humble/lib/python3.10/site-packages:/opt/ros/humble/local/lib/python3.10/dist-packages'), ('COLCON', '1'), ('CMAKE_PREFIX_PATH', '/workspaces/gh_mk2/install/china_lidar_driver:/opt/ros/humble')]), 'shell': False}
[0.072800] (china_lidar_driver) StdoutLine: {'line': b'[ 33%] \x1b[32mBuilding CXX object CMakeFiles/data_reader.dir/src/lidar_interaction.cpp.o\x1b[0m\n'}
[0.099499] (-) TimerEvent: {}
[0.186009] (china_lidar_driver) StderrLine: {'line': b'\x1b[01m\x1b[K/workspaces/gh_mk2/src/china_lidar_driver/src/lidar_interaction.cpp:58:9:\x1b[m\x1b[K \x1b[01;35m\x1b[Kwarning: \x1b[m\x1b[K"/*" within comment [\x1b[01;35m\x1b[K\x1b]8;;https://gcc.gnu.org/onlinedocs/gcc/Warning-Options.html#index-Wcomment\x07-Wcomment\x1b]8;;\x07\x1b[m\x1b[K]\n'}
[0.186356] (china_lidar_driver) StderrLine: {'line': b'   58 |         /*tty.c_cflag |= BOTHER;\n'}
[0.186468] (china_lidar_driver) StderrLine: {'line': b'      |          \n'}
[0.199644] (-) TimerEvent: {}
[0.299929] (-) TimerEvent: {}
[0.400270] (-) TimerEvent: {}
[0.500602] (-) TimerEvent: {}
[0.560710] (china_lidar_driver) StderrLine: {'line': b'\x1b[01m\x1b[K/workspaces/gh_mk2/src/china_lidar_driver/src/lidar_interaction.cpp:\x1b[m\x1b[K In member function \xe2\x80\x98\x1b[01m\x1b[Kvoid ChinaLidar::LidarInteraction::parseData()\x1b[m\x1b[K\xe2\x80\x99:\n'}
[0.561119] (china_lidar_driver) StderrLine: {'line': b'\x1b[01m\x1b[K/workspaces/gh_mk2/src/china_lidar_driver/src/lidar_interaction.cpp:142:23:\x1b[m\x1b[K \x1b[01;35m\x1b[Kwarning: \x1b[m\x1b[Kthis statement may fall through [\x1b[01;35m\x1b[K\x1b]8;;https://gcc.gnu.org/onlinedocs/gcc/Warning-Options.html#index-Wimplicit-fallthrough=\x07-Wimplicit-fallthrough=\x1b]8;;\x07\x1b[m\x1b[K]\n'}
[0.561312] (china_lidar_driver) StderrLine: {'line': b'  142 |                 \x1b[01;35m\x1b[Kstate = State::DATA\x1b[m\x1b[K;\n'}
[0.561455] (china_lidar_driver) StderrLine: {'line': b'      |                 \x1b[01;35m\x1b[K~~~~~~^~~~~~~~~~~~~\x1b[m\x1b[K\n'}
[0.561554] (china_lidar_driver) StderrLine: {'line': b'\x1b[01m\x1b[K/workspaces/gh_mk2/src/china_lidar_driver/src/lidar_interaction.cpp:144:13:\x1b[m\x1b[K \x1b[01;36m\x1b[Knote: \x1b[m\x1b[Khere\n'}
[0.561688] (china_lidar_driver) StderrLine: {'line': b'  144 |             \x1b[01;36m\x1b[Kcase\x1b[m\x1b[K State::DATA:\n'}
[0.561831] (china_lidar_driver) StderrLine: {'line': b'      |             \x1b[01;36m\x1b[K^~~~\x1b[m\x1b[K\n'}
[0.600777] (-) TimerEvent: {}
[0.701257] (-) TimerEvent: {}
[0.720661] (china_lidar_driver) StdoutLine: {'line': b'[ 66%] \x1b[32m\x1b[1mLinking CXX executable data_reader\x1b[0m\n'}
[0.801470] (-) TimerEvent: {}
[0.901933] (-) TimerEvent: {}
[1.002318] (-) TimerEvent: {}
[1.066186] (china_lidar_driver) StdoutLine: {'line': b'[100%] Built target data_reader\n'}
[1.077025] (china_lidar_driver) CommandEnded: {'returncode': 0}
[1.100874] (china_lidar_driver) JobProgress: {'identifier': 'china_lidar_driver', 'progress': 'install'}
[1.102419] (-) TimerEvent: {}
[1.109445] (china_lidar_driver) Command: {'cmd': ['/usr/bin/cmake', '--install', '/workspaces/gh_mk2/build/china_lidar_driver'], 'cwd': '/workspaces/gh_mk2/build/china_lidar_driver', 'env': OrderedDict([('HOSTNAME', 'dd3f5c63d6c1'), ('GIT_ASKPASS', '/vscode/vscode-server/bin/linux-x64/6c3e3dba23e8fadc360aed75ce363ba185c49794/extensions/git/dist/askpass.sh'), ('SHLVL', '1'), ('LD_LIBRARY_PATH', '/usr/lib/x86_64-linux-gnu/gazebo-11/plugins:/opt/ros/humble/opt/rviz_ogre_vendor/lib:/opt/ros/humble/lib/x86_64-linux-gnu:/opt/ros/humble/lib'), ('BROWSER', '/vscode/vscode-server/bin/linux-x64/6c3e3dba23e8fadc360aed75ce363ba185c49794/bin/helpers/browser.sh'), ('HOME', '/root'), ('TERM_PROGRAM_VERSION', '1.81.1'), ('VSCODE_IPC_HOOK_CLI', '/tmp/vscode-ipc-b4b9891a-ed56-48cf-87e7-22cfe9c5104b.sock'), ('ROS_PYTHON_VERSION', '3'), ('VSCODE_GIT_ASKPASS_MAIN', '/vscode/vscode-server/bin/linux-x64/6c3e3dba23e8fadc360aed75ce363ba185c49794/extensions/git/dist/askpass-main.js'), ('VSCODE_GIT_ASKPASS_NODE', '/vscode/vscode-server/bin/linux-x64/6c3e3dba23e8fadc360aed75ce363ba185c49794/node'), ('COLORTERM', 'truecolor'), ('REMOTE_CONTAINERS', 'true'), ('DEBUGINFOD_URLS', ''), ('COLCON_PREFIX_PATH', '/workspaces/gh_mk2/install'), ('ROS_DISTRO', 'humble'), ('REMOTE_CONTAINERS_IPC', '/tmp/vscode-remote-containers-ipc-04f38132-6b2b-4689-9038-8fe8f059f9bf.sock'), ('_', '/usr/bin/colcon'), ('ROS_VERSION', '2'), ('TERM', 'xterm-256color'), ('ROS_LOCALHOST_ONLY', '1'), ('PATH', '/vscode/vscode-server/bin/linux-x64/6c3e3dba23e8fadc360aed75ce363ba185c49794/bin/remote-cli:/opt/ros/humble/bin:/usr/local/sbin:/usr/local/bin:/usr/sbin:/usr/bin:/sbin:/bin'), ('REMOTE_CONTAINERS_SOCKETS', '["/tmp/vscode-ssh-auth-04f38132-6b2b-4689-9038-8fe8f059f9bf.sock","/tmp/.X11-unix/X0","/root/.gnupg/S.gpg-agent"]'), ('DISPLAY', ':1'), ('LANG', 'C.UTF-8'), ('RMW_IMPLEMENTATION', 'rmw_cyclonedds_cpp'), ('LS_COLORS', ''), ('VSCODE_GIT_IPC_HANDLE', '/tmp/vscode-git-97e2ea5ab1.sock'), ('TERM_PROGRAM', 'vscode'), ('SSH_AUTH_SOCK', '/tmp/vscode-ssh-auth-04f38132-6b2b-4689-9038-8fe8f059f9bf.sock'), ('ROS_DOMAIN_ID', '42'), ('AMENT_PREFIX_PATH', '/workspaces/gh_mk2/install/china_lidar_driver:/opt/ros/humble'), ('REMOTE_CONTAINERS_DISPLAY_SOCK', '/tmp/.X11-unix/X0'), ('SHELL', '/bin/bash'), ('VSCODE_GIT_ASKPASS_EXTRA_ARGS', ''), ('PWD', '/workspaces/gh_mk2/build/china_lidar_driver'), ('LC_ALL', 'C.UTF-8'), ('PYTHONPATH', '/opt/ros/humble/lib/python3.10/site-packages:/opt/ros/humble/local/lib/python3.10/dist-packages'), ('COLCON', '1'), ('CMAKE_PREFIX_PATH', '/workspaces/gh_mk2/install/china_lidar_driver:/opt/ros/humble')]), 'shell': False}
[1.117633] (china_lidar_driver) StdoutLine: {'line': b'-- Install configuration: "Debug"\n'}
[1.117894] (china_lidar_driver) StdoutLine: {'line': b'-- Installing: /workspaces/gh_mk2/install/china_lidar_driver/lib/china_lidar_driver/data_reader\n'}
[1.122682] (china_lidar_driver) StdoutLine: {'line': b'-- Set runtime path of "/workspaces/gh_mk2/install/china_lidar_driver/lib/china_lidar_driver/data_reader" to ""\n'}
[1.123008] (china_lidar_driver) StdoutLine: {'line': b'-- Up-to-date: /workspaces/gh_mk2/install/china_lidar_driver/share/china_lidar_driver//launch\n'}
[1.123164] (china_lidar_driver) StdoutLine: {'line': b'-- Up-to-date: /workspaces/gh_mk2/install/china_lidar_driver/share/china_lidar_driver//launch/lidar_scan.launch.py\n'}
[1.123243] (china_lidar_driver) StdoutLine: {'line': b'-- Up-to-date: /workspaces/gh_mk2/install/china_lidar_driver/share/china_lidar_driver//launch/lidar_view.launch.py\n'}
[1.123298] (china_lidar_driver) StdoutLine: {'line': b'-- Up-to-date: /workspaces/gh_mk2/install/china_lidar_driver/share/china_lidar_driver//rviz\n'}
[1.123361] (china_lidar_driver) StdoutLine: {'line': b'-- Up-to-date: /workspaces/gh_mk2/install/china_lidar_driver/share/china_lidar_driver//rviz/china_lidar_rviz_config.rviz\n'}
[1.123477] (china_lidar_driver) StdoutLine: {'line': b'-- Up-to-date: /workspaces/gh_mk2/install/china_lidar_driver/share/ament_index/resource_index/package_run_dependencies/china_lidar_driver\n'}
[1.123563] (china_lidar_driver) StdoutLine: {'line': b'-- Up-to-date: /workspaces/gh_mk2/install/china_lidar_driver/share/ament_index/resource_index/parent_prefix_path/china_lidar_driver\n'}
[1.123653] (china_lidar_driver) StdoutLine: {'line': b'-- Up-to-date: /workspaces/gh_mk2/install/china_lidar_driver/share/china_lidar_driver/environment/ament_prefix_path.sh\n'}
[1.123737] (china_lidar_driver) StdoutLine: {'line': b'-- Up-to-date: /workspaces/gh_mk2/install/china_lidar_driver/share/china_lidar_driver/environment/ament_prefix_path.dsv\n'}
[1.123819] (china_lidar_driver) StdoutLine: {'line': b'-- Up-to-date: /workspaces/gh_mk2/install/china_lidar_driver/share/china_lidar_driver/environment/path.sh\n'}
[1.123896] (china_lidar_driver) StdoutLine: {'line': b'-- Up-to-date: /workspaces/gh_mk2/install/china_lidar_driver/share/china_lidar_driver/environment/path.dsv\n'}
[1.123970] (china_lidar_driver) StdoutLine: {'line': b'-- Up-to-date: /workspaces/gh_mk2/install/china_lidar_driver/share/china_lidar_driver/local_setup.bash\n'}
[1.124047] (china_lidar_driver) StdoutLine: {'line': b'-- Up-to-date: /workspaces/gh_mk2/install/china_lidar_driver/share/china_lidar_driver/local_setup.sh\n'}
[1.124110] (china_lidar_driver) StdoutLine: {'line': b'-- Up-to-date: /workspaces/gh_mk2/install/china_lidar_driver/share/china_lidar_driver/local_setup.zsh\n'}
[1.124164] (china_lidar_driver) StdoutLine: {'line': b'-- Up-to-date: /workspaces/gh_mk2/install/china_lidar_driver/share/china_lidar_driver/local_setup.dsv\n'}
[1.124225] (china_lidar_driver) StdoutLine: {'line': b'-- Installing: /workspaces/gh_mk2/install/china_lidar_driver/share/china_lidar_driver/package.dsv\n'}
[1.124278] (china_lidar_driver) StdoutLine: {'line': b'-- Up-to-date: /workspaces/gh_mk2/install/china_lidar_driver/share/ament_index/resource_index/packages/china_lidar_driver\n'}
[1.124334] (china_lidar_driver) StdoutLine: {'line': b'-- Up-to-date: /workspaces/gh_mk2/install/china_lidar_driver/share/china_lidar_driver/cmake/china_lidar_driverConfig.cmake\n'}
[1.124389] (china_lidar_driver) StdoutLine: {'line': b'-- Up-to-date: /workspaces/gh_mk2/install/china_lidar_driver/share/china_lidar_driver/cmake/china_lidar_driverConfig-version.cmake\n'}
[1.124485] (china_lidar_driver) StdoutLine: {'line': b'-- Up-to-date: /workspaces/gh_mk2/install/china_lidar_driver/share/china_lidar_driver/package.xml\n'}
[1.125609] (china_lidar_driver) CommandEnded: {'returncode': 0}
[1.177701] (china_lidar_driver) JobEnded: {'identifier': 'china_lidar_driver', 'rc': 0}
[1.178607] (-) EventReactorShutdown: {}
