[0.021s] Invoking command in '/workspaces/gh_mk2/build/china_lidar_driver': CMAKE_PREFIX_PATH=/opt/ros/humble /usr/bin/cmake /workspaces/gh_mk2/src/china_lidar_driver -DCMAKE_INSTALL_PREFIX=/workspaces/gh_mk2/install/china_lidar_driver
[0.069s] -- The C compiler identification is GNU 11.4.0
[0.114s] -- The CXX compiler identification is GNU 11.4.0
[0.121s] -- Detecting C compiler ABI info
[0.170s] -- Detecting C compiler ABI info - done
[0.175s] -- Check for working C compiler: /usr/bin/cc - skipped
[0.176s] -- Detecting C compile features
[0.176s] -- Detecting C compile features - done
[0.179s] -- Detecting CXX compiler ABI info
[0.238s] -- Detecting CXX compiler ABI info - done
[0.244s] -- Check for working CXX compiler: /usr/bin/c++ - skipped
[0.244s] -- Detecting CXX compile features
[0.245s] -- Detecting CXX compile features - done
[0.250s] -- Found ament_cmake: 1.3.5 (/opt/ros/humble/share/ament_cmake/cmake)
[0.392s] -- Found Python3: /usr/bin/python3.10 (found version "3.10.12") found components: Interpreter 
[0.480s] -- Found rclcpp: 16.0.5 (/opt/ros/humble/share/rclcpp/cmake)
[0.523s] -- Found rosidl_generator_c: 3.1.5 (/opt/ros/humble/share/rosidl_generator_c/cmake)
[0.529s] -- Found rosidl_adapter: 3.1.5 (/opt/ros/humble/share/rosidl_adapter/cmake)
[0.538s] -- Found rosidl_generator_cpp: 3.1.5 (/opt/ros/humble/share/rosidl_generator_cpp/cmake)
[0.551s] -- Using all available rosidl_typesupport_c: rosidl_typesupport_fastrtps_c;rosidl_typesupport_introspection_c
[0.581s] -- Using all available rosidl_typesupport_cpp: rosidl_typesupport_fastrtps_cpp;rosidl_typesupport_introspection_cpp
[0.673s] -- Found rmw_implementation_cmake: 6.1.1 (/opt/ros/humble/share/rmw_implementation_cmake/cmake)
[0.676s] -- Found rmw_cyclonedds_cpp: 1.3.4 (/opt/ros/humble/share/rmw_cyclonedds_cpp/cmake)
[0.705s] -- Using RMW implementation 'rmw_cyclonedds_cpp' as default
[0.715s] -- Looking for pthread.h
[0.766s] -- Looking for pthread.h - found
[0.766s] -- Performing Test CMAKE_HAVE_LIBC_PTHREAD
[0.819s] -- Performing Test CMAKE_HAVE_LIBC_PTHREAD - Success
[0.820s] -- Found Threads: TRUE  
[0.967s] -- Found sensor_msgs: 4.2.3 (/opt/ros/humble/share/sensor_msgs/cmake)
[1.135s] -- Configuring done
[1.142s] -- Generating done
[1.143s] -- Build files have been written to: /workspaces/gh_mk2/build/china_lidar_driver
[1.148s] Invoked command in '/workspaces/gh_mk2/build/china_lidar_driver' returned '0': CMAKE_PREFIX_PATH=/opt/ros/humble /usr/bin/cmake /workspaces/gh_mk2/src/china_lidar_driver -DCMAKE_INSTALL_PREFIX=/workspaces/gh_mk2/install/china_lidar_driver
[1.149s] Invoking command in '/workspaces/gh_mk2/build/china_lidar_driver': CMAKE_PREFIX_PATH=/opt/ros/humble /usr/bin/cmake --build /workspaces/gh_mk2/build/china_lidar_driver -- -j12 -l12
[1.184s] [ 50%] [32mBuilding CXX object CMakeFiles/data_reader.dir/src/data_reader.cpp.o[0m
[1.347s] [01m[K/workspaces/gh_mk2/src/china_lidar_driver/src/data_reader.cpp:3:10:[m[K [01;31m[Kfatal error: [m[Ksensor_msgs/LaserScan.h: No such file or directory
[1.347s]     3 | #include [01;31m[K"sensor_msgs/LaserScan.h"[m[K
[1.347s]       |          [01;31m[K^~~~~~~~~~~~~~~~~~~~~~~~~[m[K
[1.347s] compilation terminated.
[1.349s] gmake[2]: *** [CMakeFiles/data_reader.dir/build.make:76: CMakeFiles/data_reader.dir/src/data_reader.cpp.o] Error 1
[1.349s] gmake[1]: *** [CMakeFiles/Makefile2:137: CMakeFiles/data_reader.dir/all] Error 2
[1.349s] gmake: *** [Makefile:146: all] Error 2
[1.351s] Invoked command in '/workspaces/gh_mk2/build/china_lidar_driver' returned '2': CMAKE_PREFIX_PATH=/opt/ros/humble /usr/bin/cmake --build /workspaces/gh_mk2/build/china_lidar_driver -- -j12 -l12
